Using pre-set license
Built from '2020.3/staging' branch; Version is '2020.3.10f1 (297d780c91bc) revision 2719096'; Using compiler version '192528614'; Build Type 'Release'
OS: 'Windows 10 Home; OS build 19042.1052; Version 2009; 64bit' Language: 'en' Physical Memory: 8038 MB
BatchMode: 1, IsHumanControllingUs: 0, StartBugReporterOnCrash: 0, Is64bit: 1, IsPro: 0

 COMMAND LINE ARGUMENTS:
C:\Program Files\Unity\Hub\Editor\2020.3.10f1\Editor\Unity.exe
-adb2
-batchMode
-noUpm
-name
AssetImportWorker1
-projectPath
C:/Users/mrjer/Documents/GitHub/EverpathDemo/TacticsRPG
-logFile
Logs/AssetImportWorker1.log
-srvPort
61389
Successfully changed project path to: C:/Users/mrjer/Documents/GitHub/EverpathDemo/TacticsRPG
C:/Users/mrjer/Documents/GitHub/EverpathDemo/TacticsRPG
Using Asset Import Pipeline V2.
Refreshing native plugins compatible for Editor in 51.11 ms, found 1 plugins.
Preloading 0 native plugins for Editor in 0.00 ms.
Initialize engine version: 2020.3.10f1 (297d780c91bc)
[Subsystems] Discovering subsystems at path C:/Program Files/Unity/Hub/Editor/2020.3.10f1/Editor/Data/Resources/UnitySubsystems
[Subsystems] Discovering subsystems at path C:/Users/mrjer/Documents/GitHub/EverpathDemo/TacticsRPG/Assets
GfxDevice: creating device client; threaded=0
Direct3D:
    Version:  Direct3D 11.0 [level 11.1]
    Renderer: NVIDIA GeForce GTX 1650 with Max-Q Design (ID=0x1f91)
    Vendor:   
    VRAM:     3962 MB
    Driver:   27.21.14.6677
Initialize mono
Mono path[0] = 'C:/Program Files/Unity/Hub/Editor/2020.3.10f1/Editor/Data/Managed'
Mono path[1] = 'C:/Program Files/Unity/Hub/Editor/2020.3.10f1/Editor/Data/MonoBleedingEdge/lib/mono/unityjit'
Mono config path = 'C:/Program Files/Unity/Hub/Editor/2020.3.10f1/Editor/Data/MonoBleedingEdge/etc'
Using monoOptions --debugger-agent=transport=dt_socket,embedding=1,server=y,suspend=n,address=127.0.0.1:56244
Begin MonoManager ReloadAssembly
Registering precompiled unity dll's ...
Register platform support module: C:/Program Files/Unity/Hub/Editor/2020.3.10f1/Editor/Data/PlaybackEngines/WindowsStandaloneSupport/UnityEditor.WindowsStandalone.Extensions.dll
Registered in 0.002175 seconds.
Native extension for WindowsStandalone target not found
Refreshing native plugins compatible for Editor in 41.82 ms, found 1 plugins.
Preloading 0 native plugins for Editor in 0.00 ms.
Mono: successfully reloaded assembly
- Completed reload, in  6.287 seconds
Platform modules already initialized, skipping
Registering precompiled user dll's ...
Registered in 0.015065 seconds.
Begin MonoManager ReloadAssembly
Symbol file data-000002D4E06B4A30 doesn't match image C:\Users\mrjer\Documents\GitHub\EverpathDemo\TacticsRPG\Library\ScriptAssemblies\Unity.2D.IK.Runtime.dll
Symbol file LoadedFromMemory is not a mono symbol file
Symbol file data-000002D4E0F5AE40 doesn't match image C:\Users\mrjer\Documents\GitHub\EverpathDemo\TacticsRPG\Library\ScriptAssemblies\Unity.2D.Animation.Editor.dll
Symbol file LoadedFromMemory is not a mono symbol file
Symbol file data-000002D4E0E9DC40 doesn't match image C:\Users\mrjer\Documents\GitHub\EverpathDemo\TacticsRPG\Library\ScriptAssemblies\Unity.InternalAPIEngineBridge.001.dll
Symbol file LoadedFromMemory is not a mono symbol file
Symbol file data-000002D4E05D2020 doesn't match image C:\Users\mrjer\Documents\GitHub\EverpathDemo\TacticsRPG\Library\ScriptAssemblies\Unity.2D.PixelPerfect.dll
Symbol file LoadedFromMemory is not a mono symbol file
Symbol file data-000002D4E51A7020 doesn't match image C:\Users\mrjer\Documents\GitHub\EverpathDemo\TacticsRPG\Library\ScriptAssemblies\Unity.2D.Animation.Triangle.Runtime.dll
Symbol file LoadedFromMemory is not a mono symbol file
Symbol file data-000002D4E51A7020 doesn't match image C:\Users\mrjer\Documents\GitHub\EverpathDemo\TacticsRPG\Library\ScriptAssemblies\Unity.TextMeshPro.Editor.dll
Symbol file LoadedFromMemory is not a mono symbol file
Symbol file data-000002D4E0F88A50 doesn't match image C:\Users\mrjer\Documents\GitHub\EverpathDemo\TacticsRPG\Library\ScriptAssemblies\Unity.VisualStudio.Editor.dll
Symbol file LoadedFromMemory is not a mono symbol file
Symbol file data-000002D4E08B7F30 doesn't match image C:\Users\mrjer\Documents\GitHub\EverpathDemo\TacticsRPG\Library\ScriptAssemblies\Unity.2D.Animation.Runtime.dll
Symbol file LoadedFromMemory is not a mono symbol file
Symbol file data-000002D4E5B3AA60 doesn't match image C:\Users\mrjer\Documents\GitHub\EverpathDemo\TacticsRPG\Library\ScriptAssemblies\Unity.2D.PixelPerfect.Editor.dll
Symbol file LoadedFromMemory is not a mono symbol file
Symbol file data-000002D4E5A7E010 doesn't match image C:\Users\mrjer\Documents\GitHub\EverpathDemo\TacticsRPG\Library\ScriptAssemblies\UnityEngine.TestRunner.dll
Symbol file LoadedFromMemory is not a mono symbol file
Symbol file data-000002D4E5E89010 doesn't match image C:\Users\mrjer\Documents\GitHub\EverpathDemo\TacticsRPG\Library\ScriptAssemblies\Unity.TextMeshPro.dll
Symbol file LoadedFromMemory is not a mono symbol file
Symbol file data-000002D4E0A8D020 doesn't match image C:\Users\mrjer\Documents\GitHub\EverpathDemo\TacticsRPG\Library\ScriptAssemblies\Unity.Mathematics.Editor.dll
Symbol file LoadedFromMemory is not a mono symbol file
Symbol file data-000002D4E5A86020 doesn't match image C:\Users\mrjer\Documents\GitHub\EverpathDemo\TacticsRPG\Library\ScriptAssemblies\UnityEditor.TestRunner.dll
Symbol file LoadedFromMemory is not a mono symbol file
Symbol file data-000002D4E55169A0 doesn't match image C:\Users\mrjer\Documents\GitHub\EverpathDemo\TacticsRPG\Library\ScriptAssemblies\Unity.2D.Common.Runtime.dll
Symbol file LoadedFromMemory is not a mono symbol file
Symbol file data-000002D4E0E7E830 doesn't match image C:\Users\mrjer\Documents\GitHub\EverpathDemo\TacticsRPG\Library\ScriptAssemblies\Unity.2D.IK.Editor.dll
Symbol file LoadedFromMemory is not a mono symbol file
Symbol file data-000002D4E5A86020 doesn't match image C:\Users\mrjer\Documents\GitHub\EverpathDemo\TacticsRPG\Library\ScriptAssemblies\Unity.2D.Sprite.Editor.dll
Symbol file LoadedFromMemory is not a mono symbol file
Symbol file data-000002D4E069A020 doesn't match image C:\Users\mrjer\Documents\GitHub\EverpathDemo\TacticsRPG\Library\ScriptAssemblies\Unity.InternalAPIEditorBridge.001.dll
Symbol file LoadedFromMemory is not a mono symbol file
Symbol file data-000002D4E47E1040 doesn't match image C:\Users\mrjer\Documents\GitHub\EverpathDemo\TacticsRPG\Library\ScriptAssemblies\UnityEditor.UI.dll
Symbol file LoadedFromMemory is not a mono symbol file
Symbol file data-000002D4E05A7020 doesn't match image C:\Users\mrjer\Documents\GitHub\EverpathDemo\TacticsRPG\Library\ScriptAssemblies\Sirenix.OdinInspector.Modules.UnityMathematics.dll
Symbol file LoadedFromMemory is not a mono symbol file
Symbol file data-000002D4E0E7E830 doesn't match image C:\Users\mrjer\Documents\GitHub\EverpathDemo\TacticsRPG\Library\ScriptAssemblies\Unity.2D.Common.Editor.dll
Symbol file LoadedFromMemory is not a mono symbol file
Symbol file data-000002D4E4EC1010 doesn't match image C:\Users\mrjer\Documents\GitHub\EverpathDemo\TacticsRPG\Library\ScriptAssemblies\UnityEngine.UI.dll
Symbol file LoadedFromMemory is not a mono symbol file
Symbol file data-000002D4E4BCA020 doesn't match image C:\Users\mrjer\Documents\GitHub\EverpathDemo\TacticsRPG\Library\ScriptAssemblies\Unity.Mathematics.dll
Symbol file LoadedFromMemory is not a mono symbol file
Native extension for WindowsStandalone target not found
Refreshing native plugins compatible for Editor in 0.56 ms, found 1 plugins.
Preloading 0 native plugins for Editor in 0.00 ms.
Mono: successfully reloaded assembly
- Completed reload, in  2.255 seconds
Platform modules already initialized, skipping
========================================================================
Worker process is ready to serve import requests
Launched and connected shader compiler UnityShaderCompiler.exe after 0.17 seconds
Refreshing native plugins compatible for Editor in 0.34 ms, found 1 plugins.
Preloading 0 native plugins for Editor in 0.00 ms.
Unloading 1232 Unused Serialized files (Serialized files now loaded: 0)
System memory in use before: 70.1 MB.
System memory in use after: 50.9 MB.

Unloading 24 unused Assets to reduce memory usage. Loaded Objects now: 1723.
Total: 20.808000 ms (FindLiveObjects: 0.142400 ms CreateObjectMapping: 0.043700 ms MarkObjects: 20.531200 ms  DeleteObjects: 0.088900 ms)

========================================================================
Received Import Request.
  path: Assets/Art/water3.png
  artifactKey: Guid(87bc8a226bc80e14d9828e028cd8af22) Importer(815301076,1909f56bfc062723c751e8b465ee728b)
Start importing Assets/Art/water3.png using Guid(87bc8a226bc80e14d9828e028cd8af22) Importer(815301076,1909f56bfc062723c751e8b465ee728b)  -> (artifact id: '7b7c22b39840e1a255a852cf861dfc5e') in 0.135959 seconds
  Import took 0.138684 seconds .

========================================================================
Received Import Request.
  Time since last request: 24.579504 seconds.
  path: Assets/Art/water3.png
  artifactKey: Guid(87bc8a226bc80e14d9828e028cd8af22) Importer(815301076,1909f56bfc062723c751e8b465ee728b)
Start importing Assets/Art/water3.png using Guid(87bc8a226bc80e14d9828e028cd8af22) Importer(815301076,1909f56bfc062723c751e8b465ee728b)  -> (artifact id: '1f287a6cc581aa073398a769518a263c') in 0.225756 seconds
  Import took 0.229610 seconds .

========================================================================
Received Import Request.
  Time since last request: 99.815405 seconds.
  path: Assets/Art/water3.png
  artifactKey: Guid(87bc8a226bc80e14d9828e028cd8af22) Importer(815301076,1909f56bfc062723c751e8b465ee728b)
Start importing Assets/Art/water3.png using Guid(87bc8a226bc80e14d9828e028cd8af22) Importer(815301076,1909f56bfc062723c751e8b465ee728b)  -> (artifact id: '984efbf9c66b1ac4321b5f14d3dece5b') in 0.035761 seconds
  Import took 0.038665 seconds .

========================================================================
Received Prepare
Registering precompiled user dll's ...
Registered in 0.010297 seconds.
Begin MonoManager ReloadAssembly
Symbol file data-000002D4E5512A40 doesn't match image C:\Users\mrjer\Documents\GitHub\EverpathDemo\TacticsRPG\Library\ScriptAssemblies\Unity.2D.IK.Runtime.dll
Symbol file LoadedFromMemory is not a mono symbol file
Symbol file data-000002D4E4921010 doesn't match image C:\Users\mrjer\Documents\GitHub\EverpathDemo\TacticsRPG\Library\ScriptAssemblies\Unity.2D.Animation.Editor.dll
Symbol file LoadedFromMemory is not a mono symbol file
Symbol file data-000002D4E7A44420 doesn't match image C:\Users\mrjer\Documents\GitHub\EverpathDemo\TacticsRPG\Library\ScriptAssemblies\Unity.InternalAPIEngineBridge.001.dll
Symbol file LoadedFromMemory is not a mono symbol file
Symbol file data-000002D4E7C4E010 doesn't match image C:\Users\mrjer\Documents\GitHub\EverpathDemo\TacticsRPG\Library\ScriptAssemblies\Unity.2D.PixelPerfect.dll
Symbol file LoadedFromMemory is not a mono symbol file
Symbol file data-000002D4E51A7020 doesn't match image C:\Users\mrjer\Documents\GitHub\EverpathDemo\TacticsRPG\Library\ScriptAssemblies\Unity.2D.Animation.Triangle.Runtime.dll
Symbol file LoadedFromMemory is not a mono symbol file
Symbol file data-000002D4E0E00B70 doesn't match image C:\Users\mrjer\Documents\GitHub\EverpathDemo\TacticsRPG\Library\ScriptAssemblies\Unity.TextMeshPro.Editor.dll
Symbol file LoadedFromMemory is not a mono symbol file
Symbol file data-000002D4E0BBC7D0 doesn't match image C:\Users\mrjer\Documents\GitHub\EverpathDemo\TacticsRPG\Library\ScriptAssemblies\Unity.VisualStudio.Editor.dll
Symbol file LoadedFromMemory is not a mono symbol file
Symbol file data-000002D4E5191A40 doesn't match image C:\Users\mrjer\Documents\GitHub\EverpathDemo\TacticsRPG\Library\ScriptAssemblies\Unity.2D.Animation.Runtime.dll
Symbol file LoadedFromMemory is not a mono symbol file
Symbol file data-000002D655E03FE0 doesn't match image C:\Users\mrjer\Documents\GitHub\EverpathDemo\TacticsRPG\Library\ScriptAssemblies\Unity.2D.PixelPerfect.Editor.dll
Symbol file LoadedFromMemory is not a mono symbol file
Symbol file data-000002D4E092B180 doesn't match image C:\Users\mrjer\Documents\GitHub\EverpathDemo\TacticsRPG\Library\ScriptAssemblies\UnityEngine.TestRunner.dll
Symbol file LoadedFromMemory is not a mono symbol file
Symbol file data-000002D4E47BA030 doesn't match image C:\Users\mrjer\Documents\GitHub\EverpathDemo\TacticsRPG\Library\ScriptAssemblies\Unity.TextMeshPro.dll
Symbol file LoadedFromMemory is not a mono symbol file
Symbol file data-000002D4E7C4E010 doesn't match image C:\Users\mrjer\Documents\GitHub\EverpathDemo\TacticsRPG\Library\ScriptAssemblies\Unity.Mathematics.Editor.dll
Symbol file LoadedFromMemory is not a mono symbol file
Symbol file data-000002D4E4D68440 doesn't match image C:\Users\mrjer\Documents\GitHub\EverpathDemo\TacticsRPG\Library\ScriptAssemblies\UnityEditor.TestRunner.dll
Symbol file LoadedFromMemory is not a mono symbol file
Symbol file data-000002D4E5FFA300 doesn't match image C:\Users\mrjer\Documents\GitHub\EverpathDemo\TacticsRPG\Library\ScriptAssemblies\Unity.2D.Common.Runtime.dll
Symbol file LoadedFromMemory is not a mono symbol file
Symbol file data-000002D4E494EC20 doesn't match image C:\Users\mrjer\Documents\GitHub\EverpathDemo\TacticsRPG\Library\ScriptAssemblies\Unity.2D.IK.Editor.dll
Symbol file LoadedFromMemory is not a mono symbol file
Symbol file data-000002D4E0E00B70 doesn't match image C:\Users\mrjer\Documents\GitHub\EverpathDemo\TacticsRPG\Library\ScriptAssemblies\Unity.2D.Sprite.Editor.dll
Symbol file LoadedFromMemory is not a mono symbol file
Symbol file data-000002D4E063B800 doesn't match image C:\Users\mrjer\Documents\GitHub\EverpathDemo\TacticsRPG\Library\ScriptAssemblies\Unity.InternalAPIEditorBridge.001.dll
Symbol file LoadedFromMemory is not a mono symbol file
Symbol file data-000002D4E5CF7380 doesn't match image C:\Users\mrjer\Documents\GitHub\EverpathDemo\TacticsRPG\Library\ScriptAssemblies\UnityEditor.UI.dll
Symbol file LoadedFromMemory is not a mono symbol file
Symbol file data-000002D4E70640A0 doesn't match image C:\Users\mrjer\Documents\GitHub\EverpathDemo\TacticsRPG\Library\ScriptAssemblies\Sirenix.OdinInspector.Modules.UnityMathematics.dll
Symbol file LoadedFromMemory is not a mono symbol file
Symbol file data-000002D4E5512A40 doesn't match image C:\Users\mrjer\Documents\GitHub\EverpathDemo\TacticsRPG\Library\ScriptAssemblies\Unity.2D.Common.Editor.dll
Symbol file LoadedFromMemory is not a mono symbol file
Symbol file data-000002D4E7F46020 doesn't match image C:\Users\mrjer\Documents\GitHub\EverpathDemo\TacticsRPG\Library\ScriptAssemblies\UnityEngine.UI.dll
Symbol file LoadedFromMemory is not a mono symbol file
Symbol file data-000002D4E4856010 doesn't match image C:\Users\mrjer\Documents\GitHub\EverpathDemo\TacticsRPG\Library\ScriptAssemblies\Unity.Mathematics.dll
Symbol file LoadedFromMemory is not a mono symbol file
Native extension for WindowsStandalone target not found
Refreshing native plugins compatible for Editor in 0.39 ms, found 1 plugins.
Preloading 0 native plugins for Editor in 0.00 ms.
Mono: successfully reloaded assembly
- Completed reload, in  1.411 seconds
Platform modules already initialized, skipping
Refreshing native plugins compatible for Editor in 0.59 ms, found 1 plugins.
Preloading 0 native plugins for Editor in 0.00 ms.
Unloading 1209 Unused Serialized files (Serialized files now loaded: 0)
System memory in use before: 71.4 MB.
System memory in use after: 71.5 MB.

Unloading 18 unused Assets to reduce memory usage. Loaded Objects now: 1733.
Total: 19.960600 ms (FindLiveObjects: 0.128200 ms CreateObjectMapping: 0.037800 ms MarkObjects: 19.769400 ms  DeleteObjects: 0.023600 ms)

========================================================================
Received Prepare
Registering precompiled user dll's ...
Registered in 0.016893 seconds.
Begin MonoManager ReloadAssembly
Symbol file data-000002D4E92D5840 doesn't match image C:\Users\mrjer\Documents\GitHub\EverpathDemo\TacticsRPG\Library\ScriptAssemblies\Unity.2D.IK.Runtime.dll
Symbol file LoadedFromMemory is not a mono symbol file
Symbol file data-000002D4E4921010 doesn't match image C:\Users\mrjer\Documents\GitHub\EverpathDemo\TacticsRPG\Library\ScriptAssemblies\Unity.2D.Animation.Editor.dll
Symbol file LoadedFromMemory is not a mono symbol file
Symbol file data-000002D4E7A44F30 doesn't match image C:\Users\mrjer\Documents\GitHub\EverpathDemo\TacticsRPG\Library\ScriptAssemblies\Unity.InternalAPIEngineBridge.001.dll
Symbol file LoadedFromMemory is not a mono symbol file
Symbol file data-000002D4E636CA40 doesn't match image C:\Users\mrjer\Documents\GitHub\EverpathDemo\TacticsRPG\Library\ScriptAssemblies\Unity.2D.PixelPerfect.dll
Symbol file LoadedFromMemory is not a mono symbol file
Symbol file data-000002D4E51A7020 doesn't match image C:\Users\mrjer\Documents\GitHub\EverpathDemo\TacticsRPG\Library\ScriptAssemblies\Unity.2D.Animation.Triangle.Runtime.dll
Symbol file LoadedFromMemory is not a mono symbol file
Symbol file data-000002D4E8C32010 doesn't match image C:\Users\mrjer\Documents\GitHub\EverpathDemo\TacticsRPG\Library\ScriptAssemblies\Unity.TextMeshPro.Editor.dll
Symbol file LoadedFromMemory is not a mono symbol file
Symbol file data-000002D4E550F010 doesn't match image C:\Users\mrjer\Documents\GitHub\EverpathDemo\TacticsRPG\Library\ScriptAssemblies\Unity.VisualStudio.Editor.dll
Symbol file LoadedFromMemory is not a mono symbol file
Symbol file data-000002D4E9712010 doesn't match image C:\Users\mrjer\Documents\GitHub\EverpathDemo\TacticsRPG\Library\ScriptAssemblies\Unity.2D.Animation.Runtime.dll
Symbol file LoadedFromMemory is not a mono symbol file
Symbol file data-000002D655E03FE0 doesn't match image C:\Users\mrjer\Documents\GitHub\EverpathDemo\TacticsRPG\Library\ScriptAssemblies\Unity.2D.PixelPerfect.Editor.dll
Symbol file LoadedFromMemory is not a mono symbol file
Symbol file data-000002D4E7398020 doesn't match image C:\Users\mrjer\Documents\GitHub\EverpathDemo\TacticsRPG\Library\ScriptAssemblies\UnityEngine.TestRunner.dll
Symbol file LoadedFromMemory is not a mono symbol file
Symbol file data-000002D4E95D2020 doesn't match image C:\Users\mrjer\Documents\GitHub\EverpathDemo\TacticsRPG\Library\ScriptAssemblies\Unity.TextMeshPro.dll
Symbol file LoadedFromMemory is not a mono symbol file
Symbol file data-000002D4E7C4E010 doesn't match image C:\Users\mrjer\Documents\GitHub\EverpathDemo\TacticsRPG\Library\ScriptAssemblies\Unity.Mathematics.Editor.dll
Symbol file LoadedFromMemory is not a mono symbol file
Symbol file data-000002D4E4EC1010 doesn't match image C:\Users\mrjer\Documents\GitHub\EverpathDemo\TacticsRPG\Library\ScriptAssemblies\UnityEditor.TestRunner.dll
Symbol file LoadedFromMemory is not a mono symbol file
Symbol file data-000002D4E4727B90 doesn't match image C:\Users\mrjer\Documents\GitHub\EverpathDemo\TacticsRPG\Library\ScriptAssemblies\Unity.2D.Common.Runtime.dll
Symbol file LoadedFromMemory is not a mono symbol file
Symbol file data-000002D4E494EC20 doesn't match image C:\Users\mrjer\Documents\GitHub\EverpathDemo\TacticsRPG\Library\ScriptAssemblies\Unity.2D.IK.Editor.dll
Symbol file LoadedFromMemory is not a mono symbol file
Symbol file data-000002D4E8C32010 doesn't match image C:\Users\mrjer\Documents\GitHub\EverpathDemo\TacticsRPG\Library\ScriptAssemblies\Unity.2D.Sprite.Editor.dll
Symbol file LoadedFromMemory is not a mono symbol file
Symbol file data-000002D4E636CA40 doesn't match image C:\Users\mrjer\Documents\GitHub\EverpathDemo\TacticsRPG\Library\ScriptAssemblies\Unity.InternalAPIEditorBridge.001.dll
Symbol file LoadedFromMemory is not a mono symbol file
Symbol file data-000002D4ED248690 doesn't match image C:\Users\mrjer\Documents\GitHub\EverpathDemo\TacticsRPG\Library\ScriptAssemblies\UnityEditor.UI.dll
Symbol file LoadedFromMemory is not a mono symbol file
Symbol file data-000002D4E5A18020 doesn't match image C:\Users\mrjer\Documents\GitHub\EverpathDemo\TacticsRPG\Library\ScriptAssemblies\Sirenix.OdinInspector.Modules.UnityMathematics.dll
Symbol file LoadedFromMemory is not a mono symbol file
Symbol file data-000002D4E5224970 doesn't match image C:\Users\mrjer\Documents\GitHub\EverpathDemo\TacticsRPG\Library\ScriptAssemblies\Unity.2D.Common.Editor.dll
Symbol file LoadedFromMemory is not a mono symbol file
Symbol file data-000002D4E9B1D010 doesn't match image C:\Users\mrjer\Documents\GitHub\EverpathDemo\TacticsRPG\Library\ScriptAssemblies\UnityEngine.UI.dll
Symbol file LoadedFromMemory is not a mono symbol file
Symbol file data-000002D4E4856010 doesn't match image C:\Users\mrjer\Documents\GitHub\EverpathDemo\TacticsRPG\Library\ScriptAssemblies\Unity.Mathematics.dll
Symbol file LoadedFromMemory is not a mono symbol file
Native extension for WindowsStandalone target not found
Refreshing native plugins compatible for Editor in 0.76 ms, found 1 plugins.
Preloading 0 native plugins for Editor in 0.00 ms.
Mono: successfully reloaded assembly
- Completed reload, in  2.026 seconds
Platform modules already initialized, skipping
Refreshing native plugins compatible for Editor in 0.32 ms, found 1 plugins.
Preloading 0 native plugins for Editor in 0.00 ms.
Unloading 1209 Unused Serialized files (Serialized files now loaded: 0)
System memory in use before: 71.4 MB.
System memory in use after: 71.5 MB.

Unloading 18 unused Assets to reduce memory usage. Loaded Objects now: 1736.
Total: 17.056400 ms (FindLiveObjects: 0.123300 ms CreateObjectMapping: 0.033000 ms MarkObjects: 16.875800 ms  DeleteObjects: 0.022800 ms)

========================================================================
Received Prepare
Registering precompiled user dll's ...
Registered in 0.010786 seconds.
Begin MonoManager ReloadAssembly
Symbol file data-000002D4E0637470 doesn't match image C:\Users\mrjer\Documents\GitHub\EverpathDemo\TacticsRPG\Library\ScriptAssemblies\Unity.2D.IK.Runtime.dll
Symbol file LoadedFromMemory is not a mono symbol file
Symbol file data-000002D4E0948640 doesn't match image C:\Users\mrjer\Documents\GitHub\EverpathDemo\TacticsRPG\Library\ScriptAssemblies\Unity.2D.Animation.Editor.dll
Symbol file LoadedFromMemory is not a mono symbol file
Symbol file data-000002D4E7A43CC0 doesn't match image C:\Users\mrjer\Documents\GitHub\EverpathDemo\TacticsRPG\Library\ScriptAssemblies\Unity.InternalAPIEngineBridge.001.dll
Symbol file LoadedFromMemory is not a mono symbol file
Symbol file data-000002D4E7C4E010 doesn't match image C:\Users\mrjer\Documents\GitHub\EverpathDemo\TacticsRPG\Library\ScriptAssemblies\Unity.2D.PixelPerfect.dll
Symbol file LoadedFromMemory is not a mono symbol file
Symbol file data-000002D4E9B1D010 doesn't match image C:\Users\mrjer\Documents\GitHub\EverpathDemo\TacticsRPG\Library\ScriptAssemblies\Unity.2D.Animation.Triangle.Runtime.dll
Symbol file LoadedFromMemory is not a mono symbol file
Symbol file data-000002D4E73F8020 doesn't match image C:\Users\mrjer\Documents\GitHub\EverpathDemo\TacticsRPG\Library\ScriptAssemblies\Unity.TextMeshPro.Editor.dll
Symbol file LoadedFromMemory is not a mono symbol file
Symbol file data-000002D4E62F2010 doesn't match image C:\Users\mrjer\Documents\GitHub\EverpathDemo\TacticsRPG\Library\ScriptAssemblies\Unity.VisualStudio.Editor.dll
Symbol file LoadedFromMemory is not a mono symbol file
Symbol file data-000002D4E0637470 doesn't match image C:\Users\mrjer\Documents\GitHub\EverpathDemo\TacticsRPG\Library\ScriptAssemblies\Unity.2D.Animation.Runtime.dll
Symbol file LoadedFromMemory is not a mono symbol file
Symbol file data-000002D4E974ECA0 doesn't match image C:\Users\mrjer\Documents\GitHub\EverpathDemo\TacticsRPG\Library\ScriptAssemblies\Unity.2D.PixelPerfect.Editor.dll
Symbol file LoadedFromMemory is not a mono symbol file
Symbol file data-000002D4E7592040 doesn't match image C:\Users\mrjer\Documents\GitHub\EverpathDemo\TacticsRPG\Library\ScriptAssemblies\UnityEngine.TestRunner.dll
Symbol file LoadedFromMemory is not a mono symbol file
Symbol file data-000002D4ED79F010 doesn't match image C:\Users\mrjer\Documents\GitHub\EverpathDemo\TacticsRPG\Library\ScriptAssemblies\Unity.TextMeshPro.dll
Symbol file LoadedFromMemory is not a mono symbol file
Symbol file data-000002D4E7C4E010 doesn't match image C:\Users\mrjer\Documents\GitHub\EverpathDemo\TacticsRPG\Library\ScriptAssemblies\Unity.Mathematics.Editor.dll
Symbol file LoadedFromMemory is not a mono symbol file
Symbol file data-000002D4E9716420 doesn't match image C:\Users\mrjer\Documents\GitHub\EverpathDemo\TacticsRPG\Library\ScriptAssemblies\UnityEditor.TestRunner.dll
Symbol file LoadedFromMemory is not a mono symbol file
Symbol file data-000002D4E96555D0 doesn't match image C:\Users\mrjer\Documents\GitHub\EverpathDemo\TacticsRPG\Library\ScriptAssemblies\Unity.2D.Common.Runtime.dll
Symbol file LoadedFromMemory is not a mono symbol file
Symbol file data-000002D4E0637470 doesn't match image C:\Users\mrjer\Documents\GitHub\EverpathDemo\TacticsRPG\Library\ScriptAssemblies\Unity.2D.IK.Editor.dll
Symbol file LoadedFromMemory is not a mono symbol file
Symbol file data-000002D4E73F8020 doesn't match image C:\Users\mrjer\Documents\GitHub\EverpathDemo\TacticsRPG\Library\ScriptAssemblies\Unity.2D.Sprite.Editor.dll
Symbol file LoadedFromMemory is not a mono symbol file
Symbol file data-000002D4E7C4E010 doesn't match image C:\Users\mrjer\Documents\GitHub\EverpathDemo\TacticsRPG\Library\ScriptAssemblies\Unity.InternalAPIEditorBridge.001.dll
Symbol file LoadedFromMemory is not a mono symbol file
Symbol file data-000002D4E9730020 doesn't match image C:\Users\mrjer\Documents\GitHub\EverpathDemo\TacticsRPG\Library\ScriptAssemblies\UnityEditor.UI.dll
Symbol file LoadedFromMemory is not a mono symbol file
Symbol file data-000002D4E021F570 doesn't match image C:\Users\mrjer\Documents\GitHub\EverpathDemo\TacticsRPG\Library\ScriptAssemblies\Sirenix.OdinInspector.Modules.UnityMathematics.dll
Symbol file LoadedFromMemory is not a mono symbol file
Symbol file data-000002D4E0637470 doesn't match image C:\Users\mrjer\Documents\GitHub\EverpathDemo\TacticsRPG\Library\ScriptAssemblies\Unity.2D.Common.Editor.dll
Symbol file LoadedFromMemory is not a mono symbol file
Symbol file data-000002D4E51A7020 doesn't match image C:\Users\mrjer\Documents\GitHub\EverpathDemo\TacticsRPG\Library\ScriptAssemblies\UnityEngine.UI.dll
Symbol file LoadedFromMemory is not a mono symbol file
Symbol file data-000002D4E4856010 doesn't match image C:\Users\mrjer\Documents\GitHub\EverpathDemo\TacticsRPG\Library\ScriptAssemblies\Unity.Mathematics.dll
Symbol file LoadedFromMemory is not a mono symbol file
Native extension for WindowsStandalone target not found
Refreshing native plugins compatible for Editor in 0.46 ms, found 1 plugins.
Preloading 0 native plugins for Editor in 0.00 ms.
Mono: successfully reloaded assembly
- Completed reload, in  2.091 seconds
Platform modules already initialized, skipping
Refreshing native plugins compatible for Editor in 0.37 ms, found 1 plugins.
Preloading 0 native plugins for Editor in 0.00 ms.
Unloading 1209 Unused Serialized files (Serialized files now loaded: 0)
System memory in use before: 71.5 MB.
System memory in use after: 71.6 MB.

Unloading 18 unused Assets to reduce memory usage. Loaded Objects now: 1739.
Total: 29.831700 ms (FindLiveObjects: 0.163400 ms CreateObjectMapping: 0.044100 ms MarkObjects: 29.590500 ms  DeleteObjects: 0.031700 ms)

========================================================================
Received Prepare
Registering precompiled user dll's ...
Registered in 0.011198 seconds.
Begin MonoManager ReloadAssembly
Symbol file data-000002D4E610AA20 doesn't match image C:\Users\mrjer\Documents\GitHub\EverpathDemo\TacticsRPG\Library\ScriptAssemblies\Unity.2D.IK.Runtime.dll
Symbol file LoadedFromMemory is not a mono symbol file
Symbol file data-000002D4E09ABC00 doesn't match image C:\Users\mrjer\Documents\GitHub\EverpathDemo\TacticsRPG\Library\ScriptAssemblies\Unity.2D.Animation.Editor.dll
Symbol file LoadedFromMemory is not a mono symbol file
Symbol file data-000002D4E91FE5F0 doesn't match image C:\Users\mrjer\Documents\GitHub\EverpathDemo\TacticsRPG\Library\ScriptAssemblies\Unity.InternalAPIEngineBridge.001.dll
Symbol file LoadedFromMemory is not a mono symbol file
Symbol file data-000002D4EDDA20B0 doesn't match image C:\Users\mrjer\Documents\GitHub\EverpathDemo\TacticsRPG\Library\ScriptAssemblies\Unity.2D.PixelPerfect.dll
Symbol file LoadedFromMemory is not a mono symbol file
Symbol file data-000002D4E51A7020 doesn't match image C:\Users\mrjer\Documents\GitHub\EverpathDemo\TacticsRPG\Library\ScriptAssemblies\Unity.2D.Animation.Triangle.Runtime.dll
Symbol file LoadedFromMemory is not a mono symbol file
Symbol file data-000002D4E73F8020 doesn't match image C:\Users\mrjer\Documents\GitHub\EverpathDemo\TacticsRPG\Library\ScriptAssemblies\Unity.TextMeshPro.Editor.dll
Symbol file LoadedFromMemory is not a mono symbol file
Symbol file data-000002D4E4FF1010 doesn't match image C:\Users\mrjer\Documents\GitHub\EverpathDemo\TacticsRPG\Library\ScriptAssemblies\Unity.VisualStudio.Editor.dll
Symbol file LoadedFromMemory is not a mono symbol file
Symbol file data-000002D4E0F08A30 doesn't match image C:\Users\mrjer\Documents\GitHub\EverpathDemo\TacticsRPG\Library\ScriptAssemblies\Unity.2D.Animation.Runtime.dll
Symbol file LoadedFromMemory is not a mono symbol file
Symbol file data-000002D4E0FA9A70 doesn't match image C:\Users\mrjer\Documents\GitHub\EverpathDemo\TacticsRPG\Library\ScriptAssemblies\Unity.2D.PixelPerfect.Editor.dll
Symbol file LoadedFromMemory is not a mono symbol file
Symbol file data-000002D4E7398020 doesn't match image C:\Users\mrjer\Documents\GitHub\EverpathDemo\TacticsRPG\Library\ScriptAssemblies\UnityEngine.TestRunner.dll
Symbol file LoadedFromMemory is not a mono symbol file
Symbol file data-000002D4ED79F010 doesn't match image C:\Users\mrjer\Documents\GitHub\EverpathDemo\TacticsRPG\Library\ScriptAssemblies\Unity.TextMeshPro.dll
Symbol file LoadedFromMemory is not a mono symbol file
Symbol file data-000002D4EDDA20B0 doesn't match image C:\Users\mrjer\Documents\GitHub\EverpathDemo\TacticsRPG\Library\ScriptAssemblies\Unity.Mathematics.Editor.dll
Symbol file LoadedFromMemory is not a mono symbol file
Symbol file data-000002D4E07A58A0 doesn't match image C:\Users\mrjer\Documents\GitHub\EverpathDemo\TacticsRPG\Library\ScriptAssemblies\UnityEditor.TestRunner.dll
Symbol file LoadedFromMemory is not a mono symbol file
Symbol file data-000002D655E13430 doesn't match image C:\Users\mrjer\Documents\GitHub\EverpathDemo\TacticsRPG\Library\ScriptAssemblies\Unity.2D.Common.Runtime.dll
Symbol file LoadedFromMemory is not a mono symbol file
Symbol file data-000002D4E610AA20 doesn't match image C:\Users\mrjer\Documents\GitHub\EverpathDemo\TacticsRPG\Library\ScriptAssemblies\Unity.2D.IK.Editor.dll
Symbol file LoadedFromMemory is not a mono symbol file
Symbol file data-000002D4E73F8020 doesn't match image C:\Users\mrjer\Documents\GitHub\EverpathDemo\TacticsRPG\Library\ScriptAssemblies\Unity.2D.Sprite.Editor.dll
Symbol file LoadedFromMemory is not a mono symbol file
Symbol file data-000002D4EDDA20B0 doesn't match image C:\Users\mrjer\Documents\GitHub\EverpathDemo\TacticsRPG\Library\ScriptAssemblies\Unity.InternalAPIEditorBridge.001.dll
Symbol file LoadedFromMemory is not a mono symbol file
Symbol file data-000002D4E7398020 doesn't match image C:\Users\mrjer\Documents\GitHub\EverpathDemo\TacticsRPG\Library\ScriptAssemblies\UnityEditor.UI.dll
Symbol file LoadedFromMemory is not a mono symbol file
Symbol file data-000002D4E4FF6420 doesn't match image C:\Users\mrjer\Documents\GitHub\EverpathDemo\TacticsRPG\Library\ScriptAssemblies\Sirenix.OdinInspector.Modules.UnityMathematics.dll
Symbol file LoadedFromMemory is not a mono symbol file
Symbol file data-000002D4E610AA20 doesn't match image C:\Users\mrjer\Documents\GitHub\EverpathDemo\TacticsRPG\Library\ScriptAssemblies\Unity.2D.Common.Editor.dll
Symbol file LoadedFromMemory is not a mono symbol file
Symbol file data-000002D4E45E2010 doesn't match image C:\Users\mrjer\Documents\GitHub\EverpathDemo\TacticsRPG\Library\ScriptAssemblies\UnityEngine.UI.dll
Symbol file LoadedFromMemory is not a mono symbol file
Symbol file data-000002D4E4856010 doesn't match image C:\Users\mrjer\Documents\GitHub\EverpathDemo\TacticsRPG\Library\ScriptAssemblies\Unity.Mathematics.dll
Symbol file LoadedFromMemory is not a mono symbol file
Native extension for WindowsStandalone target not found
Refreshing native plugins compatible for Editor in 0.32 ms, found 1 plugins.
Preloading 0 native plugins for Editor in 0.00 ms.
Mono: successfully reloaded assembly
- Completed reload, in  1.978 seconds
Platform modules already initialized, skipping
Refreshing native plugins compatible for Editor in 1.04 ms, found 1 plugins.
Preloading 0 native plugins for Editor in 0.00 ms.
Unloading 1209 Unused Serialized files (Serialized files now loaded: 0)
System memory in use before: 71.5 MB.
System memory in use after: 71.6 MB.

Unloading 18 unused Assets to reduce memory usage. Loaded Objects now: 1742.
Total: 62.552100 ms (FindLiveObjects: 0.362400 ms CreateObjectMapping: 0.126200 ms MarkObjects: 61.997900 ms  DeleteObjects: 0.062400 ms)

========================================================================
Received Prepare
Registering precompiled user dll's ...
Registered in 0.006920 seconds.
Begin MonoManager ReloadAssembly
Symbol file data-000002D4E7BFAC70 doesn't match image C:\Users\mrjer\Documents\GitHub\EverpathDemo\TacticsRPG\Library\ScriptAssemblies\Unity.2D.IK.Runtime.dll
Symbol file LoadedFromMemory is not a mono symbol file
Symbol file data-000002D4E09ABC00 doesn't match image C:\Users\mrjer\Documents\GitHub\EverpathDemo\TacticsRPG\Library\ScriptAssemblies\Unity.2D.Animation.Editor.dll
Symbol file LoadedFromMemory is not a mono symbol file
Symbol file data-000002D4E91FD730 doesn't match image C:\Users\mrjer\Documents\GitHub\EverpathDemo\TacticsRPG\Library\ScriptAssemblies\Unity.InternalAPIEngineBridge.001.dll
Symbol file LoadedFromMemory is not a mono symbol file
Symbol file data-000002D4EDEF9010 doesn't match image C:\Users\mrjer\Documents\GitHub\EverpathDemo\TacticsRPG\Library\ScriptAssemblies\Unity.2D.PixelPerfect.dll
Symbol file LoadedFromMemory is not a mono symbol file
Symbol file data-000002D4E9B1D010 doesn't match image C:\Users\mrjer\Documents\GitHub\EverpathDemo\TacticsRPG\Library\ScriptAssemblies\Unity.2D.Animation.Triangle.Runtime.dll
Symbol file LoadedFromMemory is not a mono symbol file
Symbol file data-000002D4E60DD010 doesn't match image C:\Users\mrjer\Documents\GitHub\EverpathDemo\TacticsRPG\Library\ScriptAssemblies\Unity.TextMeshPro.Editor.dll
Symbol file LoadedFromMemory is not a mono symbol file
Symbol file data-000002D4E4EFB050 doesn't match image C:\Users\mrjer\Documents\GitHub\EverpathDemo\TacticsRPG\Library\ScriptAssemblies\Unity.VisualStudio.Editor.dll
Symbol file LoadedFromMemory is not a mono symbol file
Symbol file data-000002D4E7EDC050 doesn't match image C:\Users\mrjer\Documents\GitHub\EverpathDemo\TacticsRPG\Library\ScriptAssemblies\Unity.2D.Animation.Runtime.dll
Symbol file LoadedFromMemory is not a mono symbol file
Symbol file data-000002D4E0FA3FD0 doesn't match image C:\Users\mrjer\Documents\GitHub\EverpathDemo\TacticsRPG\Library\ScriptAssemblies\Unity.2D.PixelPerfect.Editor.dll
Symbol file LoadedFromMemory is not a mono symbol file
Symbol file data-000002D4E4704DC0 doesn't match image C:\Users\mrjer\Documents\GitHub\EverpathDemo\TacticsRPG\Library\ScriptAssemblies\UnityEngine.TestRunner.dll
Symbol file LoadedFromMemory is not a mono symbol file
Symbol file data-000002D4ED79F010 doesn't match image C:\Users\mrjer\Documents\GitHub\EverpathDemo\TacticsRPG\Library\ScriptAssemblies\Unity.TextMeshPro.dll
Symbol file LoadedFromMemory is not a mono symbol file
Symbol file data-000002D4EDEF9010 doesn't match image C:\Users\mrjer\Documents\GitHub\EverpathDemo\TacticsRPG\Library\ScriptAssemblies\Unity.Mathematics.Editor.dll
Symbol file LoadedFromMemory is not a mono symbol file
Symbol file data-000002D4E07A58A0 doesn't match image C:\Users\mrjer\Documents\GitHub\EverpathDemo\TacticsRPG\Library\ScriptAssemblies\UnityEditor.TestRunner.dll
Symbol file LoadedFromMemory is not a mono symbol file
Symbol file data-000002D4E96FBE90 doesn't match image C:\Users\mrjer\Documents\GitHub\EverpathDemo\TacticsRPG\Library\ScriptAssemblies\Unity.2D.Common.Runtime.dll
Symbol file LoadedFromMemory is not a mono symbol file
Symbol file data-000002D4E7BFAC70 doesn't match image C:\Users\mrjer\Documents\GitHub\EverpathDemo\TacticsRPG\Library\ScriptAssemblies\Unity.2D.IK.Editor.dll
Symbol file LoadedFromMemory is not a mono symbol file
Symbol file data-000002D4E782A020 doesn't match image C:\Users\mrjer\Documents\GitHub\EverpathDemo\TacticsRPG\Library\ScriptAssemblies\Unity.2D.Sprite.Editor.dll
Symbol file LoadedFromMemory is not a mono symbol file
Symbol file data-000002D4E09A1430 doesn't match image C:\Users\mrjer\Documents\GitHub\EverpathDemo\TacticsRPG\Library\ScriptAssemblies\Unity.InternalAPIEditorBridge.001.dll
Symbol file LoadedFromMemory is not a mono symbol file
Symbol file data-000002D4E4FF1010 doesn't match image C:\Users\mrjer\Documents\GitHub\EverpathDemo\TacticsRPG\Library\ScriptAssemblies\UnityEditor.UI.dll
Symbol file LoadedFromMemory is not a mono symbol file
Symbol file data-000002D4E099C030 doesn't match image C:\Users\mrjer\Documents\GitHub\EverpathDemo\TacticsRPG\Library\ScriptAssemblies\Sirenix.OdinInspector.Modules.UnityMathematics.dll
Symbol file LoadedFromMemory is not a mono symbol file
Symbol file data-000002D4E7BFAC70 doesn't match image C:\Users\mrjer\Documents\GitHub\EverpathDemo\TacticsRPG\Library\ScriptAssemblies\Unity.2D.Common.Editor.dll
Symbol file LoadedFromMemory is not a mono symbol file
Symbol file data-000002D4E6144030 doesn't match image C:\Users\mrjer\Documents\GitHub\EverpathDemo\TacticsRPG\Library\ScriptAssemblies\UnityEngine.UI.dll
Symbol file LoadedFromMemory is not a mono symbol file
Symbol file data-000002D4E4856010 doesn't match image C:\Users\mrjer\Documents\GitHub\EverpathDemo\TacticsRPG\Library\ScriptAssemblies\Unity.Mathematics.dll
Symbol file LoadedFromMemory is not a mono symbol file
Native extension for WindowsStandalone target not found
Refreshing native plugins compatible for Editor in 0.32 ms, found 1 plugins.
Preloading 0 native plugins for Editor in 0.00 ms.
Mono: successfully reloaded assembly
- Completed reload, in  2.523 seconds
Platform modules already initialized, skipping
Refreshing native plugins compatible for Editor in 0.48 ms, found 1 plugins.
Preloading 0 native plugins for Editor in 0.00 ms.
Unloading 1209 Unused Serialized files (Serialized files now loaded: 0)
System memory in use before: 71.5 MB.
System memory in use after: 71.6 MB.

Unloading 18 unused Assets to reduce memory usage. Loaded Objects now: 1745.
Total: 23.050800 ms (FindLiveObjects: 0.179700 ms CreateObjectMapping: 0.056800 ms MarkObjects: 22.777000 ms  DeleteObjects: 0.025000 ms)

========================================================================
Received Prepare
Registering precompiled user dll's ...
Registered in 0.006005 seconds.
Begin MonoManager ReloadAssembly
Symbol file data-000002D4ED2E4020 doesn't match image C:\Users\mrjer\Documents\GitHub\EverpathDemo\TacticsRPG\Library\ScriptAssemblies\Unity.2D.IK.Runtime.dll
Symbol file LoadedFromMemory is not a mono symbol file
Symbol file data-000002D4E0F51010 doesn't match image C:\Users\mrjer\Documents\GitHub\EverpathDemo\TacticsRPG\Library\ScriptAssemblies\Unity.2D.Animation.Editor.dll
Symbol file LoadedFromMemory is not a mono symbol file
Symbol file data-000002D4E91FDE90 doesn't match image C:\Users\mrjer\Documents\GitHub\EverpathDemo\TacticsRPG\Library\ScriptAssemblies\Unity.InternalAPIEngineBridge.001.dll
Symbol file LoadedFromMemory is not a mono symbol file
Symbol file data-000002D4E5C2DA30 doesn't match image C:\Users\mrjer\Documents\GitHub\EverpathDemo\TacticsRPG\Library\ScriptAssemblies\Unity.2D.PixelPerfect.dll
Symbol file LoadedFromMemory is not a mono symbol file
Symbol file data-000002D4E9B1D010 doesn't match image C:\Users\mrjer\Documents\GitHub\EverpathDemo\TacticsRPG\Library\ScriptAssemblies\Unity.2D.Animation.Triangle.Runtime.dll
Symbol file LoadedFromMemory is not a mono symbol file
Symbol file data-000002D4E60DD010 doesn't match image C:\Users\mrjer\Documents\GitHub\EverpathDemo\TacticsRPG\Library\ScriptAssemblies\Unity.TextMeshPro.Editor.dll
Symbol file LoadedFromMemory is not a mono symbol file
Symbol file data-000002D4E7A88F40 doesn't match image C:\Users\mrjer\Documents\GitHub\EverpathDemo\TacticsRPG\Library\ScriptAssemblies\Unity.VisualStudio.Editor.dll
Symbol file LoadedFromMemory is not a mono symbol file
Symbol file data-000002D4EDD1C010 doesn't match image C:\Users\mrjer\Documents\GitHub\EverpathDemo\TacticsRPG\Library\ScriptAssemblies\Unity.2D.Animation.Runtime.dll
Symbol file LoadedFromMemory is not a mono symbol file
Symbol file data-000002D4E056D980 doesn't match image C:\Users\mrjer\Documents\GitHub\EverpathDemo\TacticsRPG\Library\ScriptAssemblies\Unity.2D.PixelPerfect.Editor.dll
Symbol file LoadedFromMemory is not a mono symbol file
Symbol file data-000002D4E4704DC0 doesn't match image C:\Users\mrjer\Documents\GitHub\EverpathDemo\TacticsRPG\Library\ScriptAssemblies\UnityEngine.TestRunner.dll
Symbol file LoadedFromMemory is not a mono symbol file
Symbol file data-000002D4ED79F010 doesn't match image C:\Users\mrjer\Documents\GitHub\EverpathDemo\TacticsRPG\Library\ScriptAssemblies\Unity.TextMeshPro.dll
Symbol file LoadedFromMemory is not a mono symbol file
Symbol file data-000002D4E099D040 doesn't match image C:\Users\mrjer\Documents\GitHub\EverpathDemo\TacticsRPG\Library\ScriptAssemblies\Unity.Mathematics.Editor.dll
Symbol file LoadedFromMemory is not a mono symbol file
Symbol file data-000002D4E0886020 doesn't match image C:\Users\mrjer\Documents\GitHub\EverpathDemo\TacticsRPG\Library\ScriptAssemblies\UnityEditor.TestRunner.dll
Symbol file LoadedFromMemory is not a mono symbol file
Symbol file data-000002D4EDD25580 doesn't match image C:\Users\mrjer\Documents\GitHub\EverpathDemo\TacticsRPG\Library\ScriptAssemblies\Unity.2D.Common.Runtime.dll
Symbol file LoadedFromMemory is not a mono symbol file
Symbol file data-000002D4ED2E4020 doesn't match image C:\Users\mrjer\Documents\GitHub\EverpathDemo\TacticsRPG\Library\ScriptAssemblies\Unity.2D.IK.Editor.dll
Symbol file LoadedFromMemory is not a mono symbol file
Symbol file data-000002D4E4EE4010 doesn't match image C:\Users\mrjer\Documents\GitHub\EverpathDemo\TacticsRPG\Library\ScriptAssemblies\Unity.2D.Sprite.Editor.dll
Symbol file LoadedFromMemory is not a mono symbol file
Symbol file data-000002D4E5C2DA30 doesn't match image C:\Users\mrjer\Documents\GitHub\EverpathDemo\TacticsRPG\Library\ScriptAssemblies\Unity.InternalAPIEditorBridge.001.dll
Symbol file LoadedFromMemory is not a mono symbol file
Symbol file data-000002D4E5CF7380 doesn't match image C:\Users\mrjer\Documents\GitHub\EverpathDemo\TacticsRPG\Library\ScriptAssemblies\UnityEditor.UI.dll
Symbol file LoadedFromMemory is not a mono symbol file
Symbol file data-000002D4EE7A6070 doesn't match image C:\Users\mrjer\Documents\GitHub\EverpathDemo\TacticsRPG\Library\ScriptAssemblies\Sirenix.OdinInspector.Modules.UnityMathematics.dll
Symbol file LoadedFromMemory is not a mono symbol file
Symbol file data-000002D4ED2E4020 doesn't match image C:\Users\mrjer\Documents\GitHub\EverpathDemo\TacticsRPG\Library\ScriptAssemblies\Unity.2D.Common.Editor.dll
Symbol file LoadedFromMemory is not a mono symbol file
Symbol file data-000002D4E4736D60 doesn't match image C:\Users\mrjer\Documents\GitHub\EverpathDemo\TacticsRPG\Library\ScriptAssemblies\UnityEngine.UI.dll
Symbol file LoadedFromMemory is not a mono symbol file
Symbol file data-000002D4E4856010 doesn't match image C:\Users\mrjer\Documents\GitHub\EverpathDemo\TacticsRPG\Library\ScriptAssemblies\Unity.Mathematics.dll
Symbol file LoadedFromMemory is not a mono symbol file
Native extension for WindowsStandalone target not found
Refreshing native plugins compatible for Editor in 0.32 ms, found 1 plugins.
Preloading 0 native plugins for Editor in 0.00 ms.
Mono: successfully reloaded assembly
- Completed reload, in  2.333 seconds
Platform modules already initialized, skipping
Refreshing native plugins compatible for Editor in 0.76 ms, found 1 plugins.
Preloading 0 native plugins for Editor in 0.00 ms.
Unloading 1209 Unused Serialized files (Serialized files now loaded: 0)
System memory in use before: 71.5 MB.
System memory in use after: 71.6 MB.

Unloading 18 unused Assets to reduce memory usage. Loaded Objects now: 1748.
Total: 50.207300 ms (FindLiveObjects: 0.368100 ms CreateObjectMapping: 0.104200 ms MarkObjects: 49.678500 ms  DeleteObjects: 0.052700 ms)

========================================================================
Received Prepare
Registering precompiled user dll's ...
Registered in 0.014826 seconds.
Begin MonoManager ReloadAssembly
Symbol file data-000002D4E4748BA0 doesn't match image C:\Users\mrjer\Documents\GitHub\EverpathDemo\TacticsRPG\Library\ScriptAssemblies\Unity.2D.IK.Runtime.dll
Symbol file LoadedFromMemory is not a mono symbol file
Symbol file data-000002D4E5DB7020 doesn't match image C:\Users\mrjer\Documents\GitHub\EverpathDemo\TacticsRPG\Library\ScriptAssemblies\Unity.2D.Animation.Editor.dll
Symbol file LoadedFromMemory is not a mono symbol file
Symbol file data-000002D4E91FE5F0 doesn't match image C:\Users\mrjer\Documents\GitHub\EverpathDemo\TacticsRPG\Library\ScriptAssemblies\Unity.InternalAPIEngineBridge.001.dll
Symbol file LoadedFromMemory is not a mono symbol file
Symbol file data-000002D4E73FCA30 doesn't match image C:\Users\mrjer\Documents\GitHub\EverpathDemo\TacticsRPG\Library\ScriptAssemblies\Unity.2D.PixelPerfect.dll
Symbol file LoadedFromMemory is not a mono symbol file
Symbol file data-000002D4E9B1D010 doesn't match image C:\Users\mrjer\Documents\GitHub\EverpathDemo\TacticsRPG\Library\ScriptAssemblies\Unity.2D.Animation.Triangle.Runtime.dll
Symbol file LoadedFromMemory is not a mono symbol file
Symbol file data-000002D4E60DD010 doesn't match image C:\Users\mrjer\Documents\GitHub\EverpathDemo\TacticsRPG\Library\ScriptAssemblies\Unity.TextMeshPro.Editor.dll
Symbol file LoadedFromMemory is not a mono symbol file
Symbol file data-000002D4E5CF7380 doesn't match image C:\Users\mrjer\Documents\GitHub\EverpathDemo\TacticsRPG\Library\ScriptAssemblies\Unity.VisualStudio.Editor.dll
Symbol file LoadedFromMemory is not a mono symbol file
Symbol file data-000002D4E4FF1010 doesn't match image C:\Users\mrjer\Documents\GitHub\EverpathDemo\TacticsRPG\Library\ScriptAssemblies\Unity.2D.Animation.Runtime.dll
Symbol file LoadedFromMemory is not a mono symbol file
Symbol file data-000002D4E0FA51F0 doesn't match image C:\Users\mrjer\Documents\GitHub\EverpathDemo\TacticsRPG\Library\ScriptAssemblies\Unity.2D.PixelPerfect.Editor.dll
Symbol file LoadedFromMemory is not a mono symbol file
Symbol file data-000002D4E0FB0020 doesn't match image C:\Users\mrjer\Documents\GitHub\EverpathDemo\TacticsRPG\Library\ScriptAssemblies\UnityEngine.TestRunner.dll
Symbol file LoadedFromMemory is not a mono symbol file
Symbol file data-000002D4ED79F010 doesn't match image C:\Users\mrjer\Documents\GitHub\EverpathDemo\TacticsRPG\Library\ScriptAssemblies\Unity.TextMeshPro.dll
Symbol file LoadedFromMemory is not a mono symbol file
Symbol file data-000002D4EEA0B010 doesn't match image C:\Users\mrjer\Documents\GitHub\EverpathDemo\TacticsRPG\Library\ScriptAssemblies\Unity.Mathematics.Editor.dll
Symbol file LoadedFromMemory is not a mono symbol file
Symbol file data-000002D4E4637C70 doesn't match image C:\Users\mrjer\Documents\GitHub\EverpathDemo\TacticsRPG\Library\ScriptAssemblies\UnityEditor.TestRunner.dll
Symbol file LoadedFromMemory is not a mono symbol file
Symbol file data-000002D4EF14A7F0 doesn't match image C:\Users\mrjer\Documents\GitHub\EverpathDemo\TacticsRPG\Library\ScriptAssemblies\Unity.2D.Common.Runtime.dll
Symbol file LoadedFromMemory is not a mono symbol file
Symbol file data-000002D4E4748BA0 doesn't match image C:\Users\mrjer\Documents\GitHub\EverpathDemo\TacticsRPG\Library\ScriptAssemblies\Unity.2D.IK.Editor.dll
Symbol file LoadedFromMemory is not a mono symbol file
Symbol file data-000002D4E60DD010 doesn't match image C:\Users\mrjer\Documents\GitHub\EverpathDemo\TacticsRPG\Library\ScriptAssemblies\Unity.2D.Sprite.Editor.dll
Symbol file LoadedFromMemory is not a mono symbol file
Symbol file data-000002D4E7817450 doesn't match image C:\Users\mrjer\Documents\GitHub\EverpathDemo\TacticsRPG\Library\ScriptAssemblies\Unity.InternalAPIEditorBridge.001.dll
Symbol file LoadedFromMemory is not a mono symbol file
Symbol file data-000002D4E5CF7380 doesn't match image C:\Users\mrjer\Documents\GitHub\EverpathDemo\TacticsRPG\Library\ScriptAssemblies\UnityEditor.UI.dll
Symbol file LoadedFromMemory is not a mono symbol file
Symbol file data-000002D4EF14B070 doesn't match image C:\Users\mrjer\Documents\GitHub\EverpathDemo\TacticsRPG\Library\ScriptAssemblies\Sirenix.OdinInspector.Modules.UnityMathematics.dll
Symbol file LoadedFromMemory is not a mono symbol file
Symbol file data-000002D4ED2E4020 doesn't match image C:\Users\mrjer\Documents\GitHub\EverpathDemo\TacticsRPG\Library\ScriptAssemblies\Unity.2D.Common.Editor.dll
Symbol file LoadedFromMemory is not a mono symbol file
Symbol file data-000002D4E7A8FF20 doesn't match image C:\Users\mrjer\Documents\GitHub\EverpathDemo\TacticsRPG\Library\ScriptAssemblies\UnityEngine.UI.dll
Symbol file LoadedFromMemory is not a mono symbol file
Symbol file data-000002D4E4856010 doesn't match image C:\Users\mrjer\Documents\GitHub\EverpathDemo\TacticsRPG\Library\ScriptAssemblies\Unity.Mathematics.dll
Symbol file LoadedFromMemory is not a mono symbol file
Native extension for WindowsStandalone target not found
Refreshing native plugins compatible for Editor in 0.43 ms, found 1 plugins.
Preloading 0 native plugins for Editor in 0.00 ms.
Mono: successfully reloaded assembly
- Completed reload, in  2.404 seconds
Platform modules already initialized, skipping
Refreshing native plugins compatible for Editor in 1.44 ms, found 1 plugins.
Preloading 0 native plugins for Editor in 0.00 ms.
Unloading 1209 Unused Serialized files (Serialized files now loaded: 0)
System memory in use before: 71.5 MB.
System memory in use after: 71.6 MB.

Unloading 18 unused Assets to reduce memory usage. Loaded Objects now: 1751.
Total: 114.989500 ms (FindLiveObjects: 0.596900 ms CreateObjectMapping: 0.219000 ms MarkObjects: 114.123300 ms  DeleteObjects: 0.046100 ms)

