Using pre-set license
Built from '2020.3/staging' branch; Version is '2020.3.10f1 (297d780c91bc) revision 2719096'; Using compiler version '192528614'; Build Type 'Release'
OS: 'Windows 10 Home; OS build 19042.1052; Version 2009; 64bit' Language: 'en' Physical Memory: 8038 MB
BatchMode: 1, IsHumanControllingUs: 0, StartBugReporterOnCrash: 0, Is64bit: 1, IsPro: 0

 COMMAND LINE ARGUMENTS:
C:\Program Files\Unity\Hub\Editor\2020.3.10f1\Editor\Unity.exe
-adb2
-batchMode
-noUpm
-name
AssetImportWorker0
-projectPath
C:/Users/mrjer/Documents/GitHub/EverpathDemo/TacticsRPG
-logFile
Logs/AssetImportWorker0.log
-srvPort
64839
Successfully changed project path to: C:/Users/mrjer/Documents/GitHub/EverpathDemo/TacticsRPG
C:/Users/mrjer/Documents/GitHub/EverpathDemo/TacticsRPG
Using Asset Import Pipeline V2.
Refreshing native plugins compatible for Editor in 43.78 ms, found 1 plugins.
Preloading 0 native plugins for Editor in 0.00 ms.
Initialize engine version: 2020.3.10f1 (297d780c91bc)
[Subsystems] Discovering subsystems at path C:/Program Files/Unity/Hub/Editor/2020.3.10f1/Editor/Data/Resources/UnitySubsystems
[Subsystems] Discovering subsystems at path C:/Users/mrjer/Documents/GitHub/EverpathDemo/TacticsRPG/Assets
GfxDevice: creating device client; threaded=0
Direct3D:
    Version:  Direct3D 11.0 [level 11.1]
    Renderer: NVIDIA GeForce GTX 1650 with Max-Q Design (ID=0x1f91)
    Vendor:   
    VRAM:     3962 MB
    Driver:   27.21.14.6677
Initialize mono
Mono path[0] = 'C:/Program Files/Unity/Hub/Editor/2020.3.10f1/Editor/Data/Managed'
Mono path[1] = 'C:/Program Files/Unity/Hub/Editor/2020.3.10f1/Editor/Data/MonoBleedingEdge/lib/mono/unityjit'
Mono config path = 'C:/Program Files/Unity/Hub/Editor/2020.3.10f1/Editor/Data/MonoBleedingEdge/etc'
Using monoOptions --debugger-agent=transport=dt_socket,embedding=1,server=y,suspend=n,address=127.0.0.1:56412
Begin MonoManager ReloadAssembly
Registering precompiled unity dll's ...
Register platform support module: C:/Program Files/Unity/Hub/Editor/2020.3.10f1/Editor/Data/PlaybackEngines/WindowsStandaloneSupport/UnityEditor.WindowsStandalone.Extensions.dll
Registered in 0.010100 seconds.
Native extension for WindowsStandalone target not found
Refreshing native plugins compatible for Editor in 116.66 ms, found 1 plugins.
Preloading 0 native plugins for Editor in 0.00 ms.
Mono: successfully reloaded assembly
- Completed reload, in  8.458 seconds
Platform modules already initialized, skipping
Registering precompiled user dll's ...
Registered in 0.041579 seconds.
Begin MonoManager ReloadAssembly
Symbol file data-000002DB79A4DDB0 doesn't match image C:\Users\mrjer\Documents\GitHub\EverpathDemo\TacticsRPG\Library\ScriptAssemblies\Sirenix.OdinInspector.CompatibilityLayer.dll
Symbol file LoadedFromMemory is not a mono symbol file
Symbol file data-000002DB7950A020 doesn't match image C:\Users\mrjer\Documents\GitHub\EverpathDemo\TacticsRPG\Library\ScriptAssemblies\Sirenix.OdinInspector.CompatibilityLayer.Editor.dll
Symbol file LoadedFromMemory is not a mono symbol file
Native extension for WindowsStandalone target not found
Refreshing native plugins compatible for Editor in 0.34 ms, found 1 plugins.
Preloading 0 native plugins for Editor in 0.00 ms.
Mono: successfully reloaded assembly
- Completed reload, in  3.238 seconds
Platform modules already initialized, skipping
========================================================================
Worker process is ready to serve import requests
Launched and connected shader compiler UnityShaderCompiler.exe after 0.12 seconds
Refreshing native plugins compatible for Editor in 0.54 ms, found 1 plugins.
Preloading 0 native plugins for Editor in 0.00 ms.
Unloading 1234 Unused Serialized files (Serialized files now loaded: 0)
System memory in use before: 70.1 MB.
System memory in use after: 70.2 MB.

Unloading 24 unused Assets to reduce memory usage. Loaded Objects now: 1725.
Total: 30.996000 ms (FindLiveObjects: 0.256200 ms CreateObjectMapping: 0.087600 ms MarkObjects: 30.541800 ms  DeleteObjects: 0.107900 ms)

========================================================================
Received Import Request.
  path: Assets/TesterThing.cs
  artifactKey: Guid(349e1059afb18ed4fa07ea38ad838618) Importer(815301076,1909f56bfc062723c751e8b465ee728b)
Start importing Assets/TesterThing.cs using Guid(349e1059afb18ed4fa07ea38ad838618) Importer(815301076,1909f56bfc062723c751e8b465ee728b)  -> (artifact id: 'b50d9c446e273a215b513a0b53ed8ed3') in 0.058462 seconds
  Import took 0.061410 seconds .

========================================================================
Received Prepare
Registering precompiled user dll's ...
Registered in 0.021708 seconds.
Begin MonoManager ReloadAssembly
Symbol file data-000002DB79E14170 doesn't match image C:\Users\mrjer\Documents\GitHub\EverpathDemo\TacticsRPG\Library\ScriptAssemblies\Sirenix.OdinInspector.CompatibilityLayer.dll
Symbol file LoadedFromMemory is not a mono symbol file
Symbol file data-000002DB7982B7E0 doesn't match image C:\Users\mrjer\Documents\GitHub\EverpathDemo\TacticsRPG\Library\ScriptAssemblies\Sirenix.OdinInspector.CompatibilityLayer.Editor.dll
Symbol file LoadedFromMemory is not a mono symbol file
Native extension for WindowsStandalone target not found
Refreshing native plugins compatible for Editor in 1.36 ms, found 1 plugins.
Preloading 0 native plugins for Editor in 0.00 ms.
Mono: successfully reloaded assembly
- Completed reload, in  2.460 seconds
Platform modules already initialized, skipping
Refreshing native plugins compatible for Editor in 0.33 ms, found 1 plugins.
Preloading 0 native plugins for Editor in 0.00 ms.
Unloading 1211 Unused Serialized files (Serialized files now loaded: 0)
System memory in use before: 68.3 MB.
System memory in use after: 68.4 MB.

Unloading 18 unused Assets to reduce memory usage. Loaded Objects now: 1728.
Total: 31.624900 ms (FindLiveObjects: 0.139300 ms CreateObjectMapping: 0.031500 ms MarkObjects: 31.415800 ms  DeleteObjects: 0.036700 ms)

AssetImportWorkerClient::OnTransportError - code=2 error=End of file
