Using pre-set license
Built from '2020.3/staging' branch; Version is '2020.3.4f1 (0abb6314276a) revision 703331'; Using compiler version '192528614'; Build Type 'Release'
OS: 'Windows 10 Pro; OS build 19042.928; Version 2009; 64bit' Language: 'en' Physical Memory: 16333 MB
BatchMode: 1, IsHumanControllingUs: 0, StartBugReporterOnCrash: 0, Is64bit: 1, IsPro: 0

 COMMAND LINE ARGUMENTS:
E:\Program Files\Unity\Hub\Editor\2020.3.4f1\Editor\Unity.exe
-adb2
-batchMode
-noUpm
-name
AssetImportWorker0
-projectPath
E:/GitHub/EverpathDemo/TacticsRPG
-logFile
Logs/AssetImportWorker0.log
-srvPort
51187
Successfully changed project path to: E:/GitHub/EverpathDemo/TacticsRPG
E:/GitHub/EverpathDemo/TacticsRPG
Using Asset Import Pipeline V2.
Refreshing native plugins compatible for Editor in 26.60 ms, found 1 plugins.
Preloading 0 native plugins for Editor in 0.00 ms.
Initialize engine version: 2020.3.4f1 (0abb6314276a)
[Subsystems] Discovering subsystems at path E:/Program Files/Unity/Hub/Editor/2020.3.4f1/Editor/Data/Resources/UnitySubsystems
[Subsystems] Discovering subsystems at path E:/GitHub/EverpathDemo/TacticsRPG/Assets
GfxDevice: creating device client; threaded=0
Direct3D:
    Version:  Direct3D 11.0 [level 11.1]
    Renderer: NVIDIA GeForce RTX 2070 (ID=0x1f07)
    Vendor:   
    VRAM:     8031 MB
    Driver:   27.21.14.6611
Initialize mono
Mono path[0] = 'E:/Program Files/Unity/Hub/Editor/2020.3.4f1/Editor/Data/Managed'
Mono path[1] = 'E:/Program Files/Unity/Hub/Editor/2020.3.4f1/Editor/Data/MonoBleedingEdge/lib/mono/unityjit'
Mono config path = 'E:/Program Files/Unity/Hub/Editor/2020.3.4f1/Editor/Data/MonoBleedingEdge/etc'
Using monoOptions --debugger-agent=transport=dt_socket,embedding=1,server=y,suspend=n,address=127.0.0.1:56804
Begin MonoManager ReloadAssembly
Registering precompiled unity dll's ...
Register platform support module: E:/Program Files/Unity/Hub/Editor/2020.3.4f1/Editor/Data/PlaybackEngines/WindowsStandaloneSupport/UnityEditor.WindowsStandalone.Extensions.dll
Registered in 0.001042 seconds.
Native extension for WindowsStandalone target not found
Refreshing native plugins compatible for Editor in 25.92 ms, found 1 plugins.
Preloading 0 native plugins for Editor in 0.00 ms.
Mono: successfully reloaded assembly
- Completed reload, in  0.967 seconds
Platform modules already initialized, skipping
Registering precompiled user dll's ...
Registered in 0.004207 seconds.
Begin MonoManager ReloadAssembly
Native extension for WindowsStandalone target not found
Refreshing native plugins compatible for Editor in 0.30 ms, found 1 plugins.
Preloading 0 native plugins for Editor in 0.00 ms.
Mono: successfully reloaded assembly
- Completed reload, in  0.964 seconds
Platform modules already initialized, skipping
========================================================================
Worker process is ready to serve import requests
Launched and connected shader compiler UnityShaderCompiler.exe after 0.05 seconds
Refreshing native plugins compatible for Editor in 0.28 ms, found 1 plugins.
Preloading 0 native plugins for Editor in 0.00 ms.
Unloading 1218 Unused Serialized files (Serialized files now loaded: 0)
System memory in use before: 69.7 MB.
System memory in use after: 69.8 MB.

Unloading 24 unused Assets to reduce memory usage. Loaded Objects now: 1709.
Total: 14.896600 ms (FindLiveObjects: 0.148900 ms CreateObjectMapping: 0.030300 ms MarkObjects: 14.569400 ms  DeleteObjects: 0.146100 ms)

========================================================================
Received Import Request.
  path: Assets/Inventory
  artifactKey: Guid(af9790be0ade9ec40aeba04e2904abf2) Importer(815301076,1909f56bfc062723c751e8b465ee728b)
Start importing Assets/Inventory using Guid(af9790be0ade9ec40aeba04e2904abf2) Importer(815301076,1909f56bfc062723c751e8b465ee728b)  -> (artifact id: '92643ef43fc437e96b574971f9672ee8') in 0.011727 seconds
  Import took 0.013528 seconds .

========================================================================
Received Import Request.
  Time since last request: 6.406455 seconds.
  path: Assets/Inventory/InventorySystem.cs
  artifactKey: Guid(51590a70064f3be4f828862623ad4897) Importer(815301076,1909f56bfc062723c751e8b465ee728b)
Start importing Assets/Inventory/InventorySystem.cs using Guid(51590a70064f3be4f828862623ad4897) Importer(815301076,1909f56bfc062723c751e8b465ee728b)  -> (artifact id: 'b365edca725c624f42c2a4a85ccabfad') in 0.028726 seconds
  Import took 0.030679 seconds .

========================================================================
Received Prepare
Registering precompiled user dll's ...
Registered in 0.004450 seconds.
Begin MonoManager ReloadAssembly
Native extension for WindowsStandalone target not found
Refreshing native plugins compatible for Editor in 0.35 ms, found 1 plugins.
Preloading 0 native plugins for Editor in 0.00 ms.
Mono: successfully reloaded assembly
- Completed reload, in  1.089 seconds
Platform modules already initialized, skipping
Refreshing native plugins compatible for Editor in 0.44 ms, found 1 plugins.
Preloading 0 native plugins for Editor in 0.00 ms.
Unloading 1196 Unused Serialized files (Serialized files now loaded: 0)
System memory in use before: 68.0 MB.
System memory in use after: 68.1 MB.

Unloading 18 unused Assets to reduce memory usage. Loaded Objects now: 1713.
Total: 16.244100 ms (FindLiveObjects: 0.233500 ms CreateObjectMapping: 0.040800 ms MarkObjects: 15.947600 ms  DeleteObjects: 0.020700 ms)

========================================================================
Received Prepare
Registering precompiled user dll's ...
Registered in 0.004178 seconds.
Begin MonoManager ReloadAssembly
Native extension for WindowsStandalone target not found
Refreshing native plugins compatible for Editor in 0.36 ms, found 1 plugins.
Preloading 0 native plugins for Editor in 0.00 ms.
Mono: successfully reloaded assembly
- Completed reload, in  0.992 seconds
Platform modules already initialized, skipping
Refreshing native plugins compatible for Editor in 0.30 ms, found 1 plugins.
Preloading 0 native plugins for Editor in 0.00 ms.
Unloading 1196 Unused Serialized files (Serialized files now loaded: 0)
System memory in use before: 68.0 MB.
System memory in use after: 68.1 MB.

Unloading 18 unused Assets to reduce memory usage. Loaded Objects now: 1716.
Total: 16.097600 ms (FindLiveObjects: 0.158600 ms CreateObjectMapping: 0.030100 ms MarkObjects: 15.882800 ms  DeleteObjects: 0.024400 ms)

========================================================================
Received Import Request.
  Time since last request: 211.832601 seconds.
  path: Assets/Inventory/Inventory.cs
  artifactKey: Guid(51590a70064f3be4f828862623ad4897) Importer(815301076,1909f56bfc062723c751e8b465ee728b)
Start importing Assets/Inventory/Inventory.cs using Guid(51590a70064f3be4f828862623ad4897) Importer(815301076,1909f56bfc062723c751e8b465ee728b)  -> (artifact id: '0b9de36cfb6cf19e0d88bd4abb5a2aa2') in 0.003945 seconds
  Import took 0.005756 seconds .

========================================================================
Received Import Request.
  Time since last request: 10.921659 seconds.
  path: Assets/Inventory/InventoryItem.cs
  artifactKey: Guid(e74551a8846019c4384dfc3d95fd6756) Importer(815301076,1909f56bfc062723c751e8b465ee728b)
Start importing Assets/Inventory/InventoryItem.cs using Guid(e74551a8846019c4384dfc3d95fd6756) Importer(815301076,1909f56bfc062723c751e8b465ee728b)  -> (artifact id: '6de8bbff78c061fc84f8f686284701e9') in 0.010189 seconds
  Import took 0.012479 seconds .

========================================================================
Received Prepare
Registering precompiled user dll's ...
Registered in 0.003702 seconds.
Begin MonoManager ReloadAssembly
Native extension for WindowsStandalone target not found
Refreshing native plugins compatible for Editor in 0.30 ms, found 1 plugins.
Preloading 0 native plugins for Editor in 0.00 ms.
Mono: successfully reloaded assembly
- Completed reload, in  0.954 seconds
Platform modules already initialized, skipping
Refreshing native plugins compatible for Editor in 0.30 ms, found 1 plugins.
Preloading 0 native plugins for Editor in 0.00 ms.
Unloading 1197 Unused Serialized files (Serialized files now loaded: 0)
System memory in use before: 68.1 MB.
System memory in use after: 68.2 MB.

Unloading 18 unused Assets to reduce memory usage. Loaded Objects now: 1720.
Total: 15.184700 ms (FindLiveObjects: 0.142500 ms CreateObjectMapping: 0.028000 ms MarkObjects: 14.995500 ms  DeleteObjects: 0.017500 ms)

========================================================================
Received Prepare
Registering precompiled user dll's ...
Registered in 0.005606 seconds.
Begin MonoManager ReloadAssembly
Native extension for WindowsStandalone target not found
Refreshing native plugins compatible for Editor in 0.32 ms, found 1 plugins.
Preloading 0 native plugins for Editor in 0.00 ms.
Mono: successfully reloaded assembly
- Completed reload, in  0.925 seconds
Platform modules already initialized, skipping
Refreshing native plugins compatible for Editor in 0.30 ms, found 1 plugins.
Preloading 0 native plugins for Editor in 0.00 ms.
Unloading 1197 Unused Serialized files (Serialized files now loaded: 0)
System memory in use before: 68.1 MB.
System memory in use after: 68.2 MB.

Unloading 18 unused Assets to reduce memory usage. Loaded Objects now: 1723.
Total: 15.395100 ms (FindLiveObjects: 0.133800 ms CreateObjectMapping: 0.027600 ms MarkObjects: 15.215000 ms  DeleteObjects: 0.017600 ms)

========================================================================
Received Import Request.
  Time since last request: 22.989253 seconds.
  path: Assets/Inventory/InventoryItem.cs
  artifactKey: Guid(e74551a8846019c4384dfc3d95fd6756) Importer(815301076,1909f56bfc062723c751e8b465ee728b)
Start importing Assets/Inventory/InventoryItem.cs using Guid(e74551a8846019c4384dfc3d95fd6756) Importer(815301076,1909f56bfc062723c751e8b465ee728b)  -> (artifact id: 'a6c54dc1318a4188e7d7bb8b6eb299c3') in 0.004077 seconds
  Import took 0.005830 seconds .

========================================================================
Received Prepare
Registering precompiled user dll's ...
Registered in 0.004443 seconds.
Begin MonoManager ReloadAssembly
Native extension for WindowsStandalone target not found
Refreshing native plugins compatible for Editor in 0.30 ms, found 1 plugins.
Preloading 0 native plugins for Editor in 0.00 ms.
Mono: successfully reloaded assembly
- Completed reload, in  0.930 seconds
Platform modules already initialized, skipping
Refreshing native plugins compatible for Editor in 0.31 ms, found 1 plugins.
Preloading 0 native plugins for Editor in 0.00 ms.
Unloading 1197 Unused Serialized files (Serialized files now loaded: 0)
System memory in use before: 68.1 MB.
System memory in use after: 68.2 MB.

Unloading 18 unused Assets to reduce memory usage. Loaded Objects now: 1726.
Total: 14.857000 ms (FindLiveObjects: 0.208400 ms CreateObjectMapping: 0.038500 ms MarkObjects: 14.591500 ms  DeleteObjects: 0.017500 ms)

========================================================================
Received Import Request.
  Time since last request: 152.907319 seconds.
  path: Assets/Inventory/Inventory.cs
  artifactKey: Guid(51590a70064f3be4f828862623ad4897) Importer(815301076,1909f56bfc062723c751e8b465ee728b)
Start importing Assets/Inventory/Inventory.cs using Guid(51590a70064f3be4f828862623ad4897) Importer(815301076,1909f56bfc062723c751e8b465ee728b)  -> (artifact id: '4ef4b8bba6ed405a2891fa7b4b398f53') in 0.003472 seconds
  Import took 0.005325 seconds .

========================================================================
Received Import Request.
  Time since last request: 59.448071 seconds.
  path: Assets/Inventory/CompleteInventoryList.cs
  artifactKey: Guid(527497c484632394fb86c1c830c29ff7) Importer(815301076,1909f56bfc062723c751e8b465ee728b)
Start importing Assets/Inventory/CompleteInventoryList.cs using Guid(527497c484632394fb86c1c830c29ff7) Importer(815301076,1909f56bfc062723c751e8b465ee728b)  -> (artifact id: '76d1fa387a71964d8c5e1fb121f073cc') in 0.006570 seconds
  Import took 0.008616 seconds .

========================================================================
Received Prepare
Registering precompiled user dll's ...
Registered in 0.004013 seconds.
Begin MonoManager ReloadAssembly
Native extension for WindowsStandalone target not found
Refreshing native plugins compatible for Editor in 0.30 ms, found 1 plugins.
Preloading 0 native plugins for Editor in 0.00 ms.
Mono: successfully reloaded assembly
- Completed reload, in  0.951 seconds
Platform modules already initialized, skipping
Refreshing native plugins compatible for Editor in 0.41 ms, found 1 plugins.
Preloading 0 native plugins for Editor in 0.00 ms.
Unloading 1198 Unused Serialized files (Serialized files now loaded: 0)
System memory in use before: 68.1 MB.
System memory in use after: 68.2 MB.

Unloading 18 unused Assets to reduce memory usage. Loaded Objects now: 1730.
Total: 15.353900 ms (FindLiveObjects: 0.147900 ms CreateObjectMapping: 0.025900 ms MarkObjects: 15.160500 ms  DeleteObjects: 0.017900 ms)

========================================================================
Received Prepare
Registering precompiled user dll's ...
Registered in 0.005713 seconds.
Begin MonoManager ReloadAssembly
Native extension for WindowsStandalone target not found
Refreshing native plugins compatible for Editor in 0.51 ms, found 1 plugins.
Preloading 0 native plugins for Editor in 0.00 ms.
Mono: successfully reloaded assembly
- Completed reload, in  0.951 seconds
Platform modules already initialized, skipping
Refreshing native plugins compatible for Editor in 0.29 ms, found 1 plugins.
Preloading 0 native plugins for Editor in 0.00 ms.
Unloading 1198 Unused Serialized files (Serialized files now loaded: 0)
System memory in use before: 68.1 MB.
System memory in use after: 68.2 MB.

Unloading 18 unused Assets to reduce memory usage. Loaded Objects now: 1733.
Total: 14.727100 ms (FindLiveObjects: 0.140500 ms CreateObjectMapping: 0.029300 ms MarkObjects: 14.539200 ms  DeleteObjects: 0.017000 ms)

========================================================================
Received Import Request.
  Time since last request: 403.563791 seconds.
  path: Assets/Inventory/CompleteInventoryList.cs
  artifactKey: Guid(527497c484632394fb86c1c830c29ff7) Importer(815301076,1909f56bfc062723c751e8b465ee728b)
Start importing Assets/Inventory/CompleteInventoryList.cs using Guid(527497c484632394fb86c1c830c29ff7) Importer(815301076,1909f56bfc062723c751e8b465ee728b)  -> (artifact id: '8996a3b0dc132a3bdd4f31e767559aa6') in 0.003465 seconds
  Import took 0.005208 seconds .

========================================================================
Received Prepare
Registering precompiled user dll's ...
Registered in 0.003764 seconds.
Begin MonoManager ReloadAssembly
Native extension for WindowsStandalone target not found
Refreshing native plugins compatible for Editor in 0.30 ms, found 1 plugins.
Preloading 0 native plugins for Editor in 0.00 ms.
Mono: successfully reloaded assembly
- Completed reload, in  0.922 seconds
Platform modules already initialized, skipping
Refreshing native plugins compatible for Editor in 0.31 ms, found 1 plugins.
Preloading 0 native plugins for Editor in 0.00 ms.
Unloading 1198 Unused Serialized files (Serialized files now loaded: 0)
System memory in use before: 68.2 MB.
System memory in use after: 68.3 MB.

Unloading 18 unused Assets to reduce memory usage. Loaded Objects now: 1736.
Total: 14.632100 ms (FindLiveObjects: 0.128100 ms CreateObjectMapping: 0.029300 ms MarkObjects: 14.456600 ms  DeleteObjects: 0.016800 ms)

========================================================================
Received Import Request.
  Time since last request: 567.792874 seconds.
  path: Assets/Inventory/InventoryUI.cs
  artifactKey: Guid(6dce2e30568416c4b9ae140705b221d2) Importer(815301076,1909f56bfc062723c751e8b465ee728b)
Start importing Assets/Inventory/InventoryUI.cs using Guid(6dce2e30568416c4b9ae140705b221d2) Importer(815301076,1909f56bfc062723c751e8b465ee728b)  -> (artifact id: '6d2012db9aefde354a2af4f7718a0aba') in 0.009334 seconds
  Import took 0.011488 seconds .

========================================================================
Received Prepare
Registering precompiled user dll's ...
Registered in 0.006191 seconds.
Begin MonoManager ReloadAssembly
Native extension for WindowsStandalone target not found
Refreshing native plugins compatible for Editor in 0.30 ms, found 1 plugins.
Preloading 0 native plugins for Editor in 0.00 ms.
Mono: successfully reloaded assembly
- Completed reload, in  0.960 seconds
Platform modules already initialized, skipping
Refreshing native plugins compatible for Editor in 0.31 ms, found 1 plugins.
Preloading 0 native plugins for Editor in 0.00 ms.
Unloading 1199 Unused Serialized files (Serialized files now loaded: 0)
System memory in use before: 68.2 MB.
System memory in use after: 68.3 MB.

Unloading 18 unused Assets to reduce memory usage. Loaded Objects now: 1740.
Total: 15.806700 ms (FindLiveObjects: 0.157700 ms CreateObjectMapping: 0.029100 ms MarkObjects: 15.598300 ms  DeleteObjects: 0.020300 ms)

========================================================================
Received Prepare
Registering precompiled user dll's ...
Registered in 0.003761 seconds.
Begin MonoManager ReloadAssembly
Native extension for WindowsStandalone target not found
Refreshing native plugins compatible for Editor in 0.31 ms, found 1 plugins.
Preloading 0 native plugins for Editor in 0.00 ms.
Mono: successfully reloaded assembly
- Completed reload, in  0.926 seconds
Platform modules already initialized, skipping
Refreshing native plugins compatible for Editor in 0.29 ms, found 1 plugins.
Preloading 0 native plugins for Editor in 0.00 ms.
Unloading 1199 Unused Serialized files (Serialized files now loaded: 0)
System memory in use before: 68.2 MB.
System memory in use after: 68.3 MB.

Unloading 18 unused Assets to reduce memory usage. Loaded Objects now: 1743.
Total: 14.922300 ms (FindLiveObjects: 0.161700 ms CreateObjectMapping: 0.028500 ms MarkObjects: 14.710600 ms  DeleteObjects: 0.020000 ms)

========================================================================
Received Import Request.
  Time since last request: 58.115719 seconds.
  path: Assets/Inventory/InventorySlot.cs
  artifactKey: Guid(fbaa4b930eb9d0849b0b4b6908516587) Importer(815301076,1909f56bfc062723c751e8b465ee728b)
Start importing Assets/Inventory/InventorySlot.cs using Guid(fbaa4b930eb9d0849b0b4b6908516587) Importer(815301076,1909f56bfc062723c751e8b465ee728b)  -> (artifact id: '4634ea343af968a8f299bfac1422c252') in 0.009555 seconds
  Import took 0.011743 seconds .

========================================================================
Received Prepare
Registering precompiled user dll's ...
Registered in 0.004205 seconds.
Begin MonoManager ReloadAssembly
Native extension for WindowsStandalone target not found
Refreshing native plugins compatible for Editor in 0.31 ms, found 1 plugins.
Preloading 0 native plugins for Editor in 0.00 ms.
Mono: successfully reloaded assembly
- Completed reload, in  0.982 seconds
Platform modules already initialized, skipping
Refreshing native plugins compatible for Editor in 0.37 ms, found 1 plugins.
Preloading 0 native plugins for Editor in 0.00 ms.
Unloading 1200 Unused Serialized files (Serialized files now loaded: 0)
System memory in use before: 68.2 MB.
System memory in use after: 68.3 MB.

Unloading 18 unused Assets to reduce memory usage. Loaded Objects now: 1747.
Total: 15.061500 ms (FindLiveObjects: 0.165600 ms CreateObjectMapping: 0.029800 ms MarkObjects: 14.846500 ms  DeleteObjects: 0.018300 ms)

========================================================================
Received Prepare
Registering precompiled user dll's ...
Registered in 0.004012 seconds.
Begin MonoManager ReloadAssembly
Native extension for WindowsStandalone target not found
Refreshing native plugins compatible for Editor in 0.33 ms, found 1 plugins.
Preloading 0 native plugins for Editor in 0.00 ms.
Mono: successfully reloaded assembly
- Completed reload, in  1.028 seconds
Platform modules already initialized, skipping
Refreshing native plugins compatible for Editor in 0.49 ms, found 1 plugins.
Preloading 0 native plugins for Editor in 0.00 ms.
Unloading 1200 Unused Serialized files (Serialized files now loaded: 0)
System memory in use before: 68.2 MB.
System memory in use after: 68.3 MB.

Unloading 18 unused Assets to reduce memory usage. Loaded Objects now: 1750.
Total: 18.935500 ms (FindLiveObjects: 0.415500 ms CreateObjectMapping: 0.092800 ms MarkObjects: 18.406200 ms  DeleteObjects: 0.018800 ms)

========================================================================
Received Import Request.
  Time since last request: 13.077479 seconds.
  path: Assets/Inventory/Inventory.cs
  artifactKey: Guid(51590a70064f3be4f828862623ad4897) Importer(815301076,1909f56bfc062723c751e8b465ee728b)
Start importing Assets/Inventory/Inventory.cs using Guid(51590a70064f3be4f828862623ad4897) Importer(815301076,1909f56bfc062723c751e8b465ee728b)  -> (artifact id: '9aadf67ebdaadaba9fdd3bc7c815d1aa') in 0.003806 seconds
  Import took 0.005640 seconds .

========================================================================
Received Import Request.
  Time since last request: 28.155350 seconds.
  path: Assets/Inventory/InventoryUI.cs
  artifactKey: Guid(6dce2e30568416c4b9ae140705b221d2) Importer(815301076,1909f56bfc062723c751e8b465ee728b)
Start importing Assets/Inventory/InventoryUI.cs using Guid(6dce2e30568416c4b9ae140705b221d2) Importer(815301076,1909f56bfc062723c751e8b465ee728b)  -> (artifact id: 'af6b3af55f4c90beba6f2efa7c249158') in 0.002008 seconds
  Import took 0.003836 seconds .

========================================================================
Received Prepare
Registering precompiled user dll's ...
Registered in 0.004064 seconds.
Begin MonoManager ReloadAssembly
Native extension for WindowsStandalone target not found
Refreshing native plugins compatible for Editor in 0.31 ms, found 1 plugins.
Preloading 0 native plugins for Editor in 0.00 ms.
Mono: successfully reloaded assembly
- Completed reload, in  0.971 seconds
Platform modules already initialized, skipping
Refreshing native plugins compatible for Editor in 0.41 ms, found 1 plugins.
Preloading 0 native plugins for Editor in 0.00 ms.
Unloading 1200 Unused Serialized files (Serialized files now loaded: 0)
System memory in use before: 68.2 MB.
System memory in use after: 68.3 MB.

Unloading 18 unused Assets to reduce memory usage. Loaded Objects now: 1753.
Total: 15.328000 ms (FindLiveObjects: 0.205900 ms CreateObjectMapping: 0.027300 ms MarkObjects: 15.072900 ms  DeleteObjects: 0.020600 ms)

========================================================================
Received Import Request.
  Time since last request: 315.292124 seconds.
  path: Assets/Inventory/UnitInventory.cs
  artifactKey: Guid(4da47c7f101d7214596032f866618a38) Importer(815301076,1909f56bfc062723c751e8b465ee728b)
Start importing Assets/Inventory/UnitInventory.cs using Guid(4da47c7f101d7214596032f866618a38) Importer(815301076,1909f56bfc062723c751e8b465ee728b)  -> (artifact id: '9a04331f00ca9a6dc32b7e6b5f3e020c') in 0.009573 seconds
  Import took 0.011683 seconds .

========================================================================
Received Prepare
Registering precompiled user dll's ...
Registered in 0.003729 seconds.
Begin MonoManager ReloadAssembly
Native extension for WindowsStandalone target not found
Refreshing native plugins compatible for Editor in 0.31 ms, found 1 plugins.
Preloading 0 native plugins for Editor in 0.00 ms.
Mono: successfully reloaded assembly
- Completed reload, in  1.019 seconds
Platform modules already initialized, skipping
Refreshing native plugins compatible for Editor in 0.31 ms, found 1 plugins.
Preloading 0 native plugins for Editor in 0.00 ms.
Unloading 1201 Unused Serialized files (Serialized files now loaded: 0)
System memory in use before: 68.3 MB.
System memory in use after: 68.4 MB.

Unloading 18 unused Assets to reduce memory usage. Loaded Objects now: 1757.
Total: 15.091600 ms (FindLiveObjects: 0.146300 ms CreateObjectMapping: 0.029100 ms MarkObjects: 14.895000 ms  DeleteObjects: 0.020100 ms)

========================================================================
Received Prepare
Registering precompiled user dll's ...
Registered in 0.005242 seconds.
Begin MonoManager ReloadAssembly
Native extension for WindowsStandalone target not found
Refreshing native plugins compatible for Editor in 0.33 ms, found 1 plugins.
Preloading 0 native plugins for Editor in 0.00 ms.
Mono: successfully reloaded assembly
- Completed reload, in  0.976 seconds
Platform modules already initialized, skipping
Refreshing native plugins compatible for Editor in 0.35 ms, found 1 plugins.
Preloading 0 native plugins for Editor in 0.00 ms.
Unloading 1201 Unused Serialized files (Serialized files now loaded: 0)
System memory in use before: 68.3 MB.
System memory in use after: 68.4 MB.

Unloading 18 unused Assets to reduce memory usage. Loaded Objects now: 1760.
Total: 18.026200 ms (FindLiveObjects: 0.296600 ms CreateObjectMapping: 0.043400 ms MarkObjects: 17.658500 ms  DeleteObjects: 0.026200 ms)

========================================================================
Received Import Request.
  Time since last request: 974.612246 seconds.
  path: Assets/Inventory/InventorySlot.cs
  artifactKey: Guid(fbaa4b930eb9d0849b0b4b6908516587) Importer(815301076,1909f56bfc062723c751e8b465ee728b)
Start importing Assets/Inventory/InventorySlot.cs using Guid(fbaa4b930eb9d0849b0b4b6908516587) Importer(815301076,1909f56bfc062723c751e8b465ee728b)  -> (artifact id: '407b0c0a567303412360f57a2df26650') in 0.003803 seconds
  Import took 0.005954 seconds .

========================================================================
Received Prepare
Registering precompiled user dll's ...
Registered in 0.004307 seconds.
Begin MonoManager ReloadAssembly
Native extension for WindowsStandalone target not found
Refreshing native plugins compatible for Editor in 0.34 ms, found 1 plugins.
Preloading 0 native plugins for Editor in 0.00 ms.
Mono: successfully reloaded assembly
- Completed reload, in  0.895 seconds
Platform modules already initialized, skipping
Refreshing native plugins compatible for Editor in 0.31 ms, found 1 plugins.
Preloading 0 native plugins for Editor in 0.00 ms.
Unloading 1201 Unused Serialized files (Serialized files now loaded: 0)
System memory in use before: 68.3 MB.
System memory in use after: 68.4 MB.

Unloading 18 unused Assets to reduce memory usage. Loaded Objects now: 1763.
Total: 15.321200 ms (FindLiveObjects: 0.194600 ms CreateObjectMapping: 0.039500 ms MarkObjects: 15.069300 ms  DeleteObjects: 0.016700 ms)

========================================================================
Received Prepare
Registering precompiled user dll's ...
Registered in 0.005519 seconds.
Begin MonoManager ReloadAssembly
Native extension for WindowsStandalone target not found
Refreshing native plugins compatible for Editor in 0.31 ms, found 1 plugins.
Preloading 0 native plugins for Editor in 0.00 ms.
Mono: successfully reloaded assembly
- Completed reload, in  0.931 seconds
Platform modules already initialized, skipping
Refreshing native plugins compatible for Editor in 0.30 ms, found 1 plugins.
Preloading 0 native plugins for Editor in 0.00 ms.
Unloading 1201 Unused Serialized files (Serialized files now loaded: 0)
System memory in use before: 68.3 MB.
System memory in use after: 68.4 MB.

Unloading 18 unused Assets to reduce memory usage. Loaded Objects now: 1766.
Total: 15.067200 ms (FindLiveObjects: 0.184000 ms CreateObjectMapping: 0.028700 ms MarkObjects: 14.836400 ms  DeleteObjects: 0.016900 ms)

========================================================================
Received Prepare
Registering precompiled user dll's ...
Registered in 0.003804 seconds.
Begin MonoManager ReloadAssembly
Native extension for WindowsStandalone target not found
Refreshing native plugins compatible for Editor in 0.30 ms, found 1 plugins.
Preloading 0 native plugins for Editor in 0.00 ms.
Mono: successfully reloaded assembly
- Completed reload, in  0.962 seconds
Platform modules already initialized, skipping
Refreshing native plugins compatible for Editor in 0.30 ms, found 1 plugins.
Preloading 0 native plugins for Editor in 0.00 ms.
Unloading 1201 Unused Serialized files (Serialized files now loaded: 0)
System memory in use before: 68.3 MB.
System memory in use after: 68.4 MB.

Unloading 18 unused Assets to reduce memory usage. Loaded Objects now: 1769.
Total: 15.130900 ms (FindLiveObjects: 0.183300 ms CreateObjectMapping: 0.032200 ms MarkObjects: 14.896400 ms  DeleteObjects: 0.017500 ms)

========================================================================
Received Prepare
Registering precompiled user dll's ...
Registered in 0.003806 seconds.
Begin MonoManager ReloadAssembly
Native extension for WindowsStandalone target not found
Refreshing native plugins compatible for Editor in 0.31 ms, found 1 plugins.
Preloading 0 native plugins for Editor in 0.00 ms.
Mono: successfully reloaded assembly
- Completed reload, in  0.931 seconds
Platform modules already initialized, skipping
Refreshing native plugins compatible for Editor in 0.30 ms, found 1 plugins.
Preloading 0 native plugins for Editor in 0.00 ms.
Unloading 1201 Unused Serialized files (Serialized files now loaded: 0)
System memory in use before: 68.3 MB.
System memory in use after: 68.4 MB.

Unloading 18 unused Assets to reduce memory usage. Loaded Objects now: 1772.
Total: 14.896700 ms (FindLiveObjects: 0.151300 ms CreateObjectMapping: 0.030100 ms MarkObjects: 14.697300 ms  DeleteObjects: 0.017000 ms)

========================================================================
Received Import Request.
  Time since last request: 2015.784459 seconds.
  path: Assets/Inventory/Rabadons Deathcap.asset
  artifactKey: Guid(f621526c8bd2b974aa10a4c51d3921a4) Importer(815301076,1909f56bfc062723c751e8b465ee728b)
Start importing Assets/Inventory/Rabadons Deathcap.asset using Guid(f621526c8bd2b974aa10a4c51d3921a4) Importer(815301076,1909f56bfc062723c751e8b465ee728b)  -> (artifact id: '7b96953c9d87db45b8d5ff47710c9748') in 0.018005 seconds
  Import took 0.019966 seconds .

========================================================================
Received Import Request.
  Time since last request: 0.000234 seconds.
  path: Assets/Inventory/Rabadons Deathcap.asset
  artifactKey: Guid(f621526c8bd2b974aa10a4c51d3921a4) Importer(815301076,1909f56bfc062723c751e8b465ee728b)
Start importing Assets/Inventory/Rabadons Deathcap.asset using Guid(f621526c8bd2b974aa10a4c51d3921a4) Importer(815301076,1909f56bfc062723c751e8b465ee728b)  -> (artifact id: '7b96953c9d87db45b8d5ff47710c9748') in 0.002815 seconds
  Import took 0.004967 seconds .

========================================================================
Received Import Request.
  Time since last request: 21.455396 seconds.
  path: Assets/Inventory/Liandry's Torment.asset
  artifactKey: Guid(d0e3b3f60ad8b194e8be2eeee0ff2588) Importer(815301076,1909f56bfc062723c751e8b465ee728b)
Start importing Assets/Inventory/Liandry's Torment.asset using Guid(d0e3b3f60ad8b194e8be2eeee0ff2588) Importer(815301076,1909f56bfc062723c751e8b465ee728b)  -> (artifact id: 'c39ecc43a233e7e92241ab61bbdb1df8') in 0.012670 seconds
  Import took 0.014960 seconds .

========================================================================
Received Import Request.
  Time since last request: 0.002267 seconds.
  path: Assets/Inventory/Liandry's Torment.asset
  artifactKey: Guid(d0e3b3f60ad8b194e8be2eeee0ff2588) Importer(815301076,1909f56bfc062723c751e8b465ee728b)
Start importing Assets/Inventory/Liandry's Torment.asset using Guid(d0e3b3f60ad8b194e8be2eeee0ff2588) Importer(815301076,1909f56bfc062723c751e8b465ee728b)  -> (artifact id: 'c39ecc43a233e7e92241ab61bbdb1df8') in 0.002090 seconds
  Import took 0.004211 seconds .

========================================================================
Received Import Request.
  Time since last request: 21.026241 seconds.
  path: Assets/Inventory/Hextech Gunblade.asset
  artifactKey: Guid(dce7bffd6d49801409b92687724d36a3) Importer(815301076,1909f56bfc062723c751e8b465ee728b)
Start importing Assets/Inventory/Hextech Gunblade.asset using Guid(dce7bffd6d49801409b92687724d36a3) Importer(815301076,1909f56bfc062723c751e8b465ee728b)  -> (artifact id: 'a7272b2246d1cc25729a043fbe0b2f33') in 0.008563 seconds
  Import took 0.010798 seconds .

========================================================================
Received Import Request.
  Time since last request: 31.287028 seconds.
  path: Assets/Inventory/Hextech Gunblade.asset
  artifactKey: Guid(dce7bffd6d49801409b92687724d36a3) Importer(815301076,1909f56bfc062723c751e8b465ee728b)
Start importing Assets/Inventory/Hextech Gunblade.asset using Guid(dce7bffd6d49801409b92687724d36a3) Importer(815301076,1909f56bfc062723c751e8b465ee728b)  -> (artifact id: '026ff465917428cd7de3bb5581bf07b3') in 0.003449 seconds
  Import took 0.006057 seconds .

========================================================================
Received Import Request.
  Time since last request: 0.002166 seconds.
  path: Assets/Inventory/Hextech Gunblade.asset
  artifactKey: Guid(dce7bffd6d49801409b92687724d36a3) Importer(815301076,1909f56bfc062723c751e8b465ee728b)
Start importing Assets/Inventory/Hextech Gunblade.asset using Guid(dce7bffd6d49801409b92687724d36a3) Importer(815301076,1909f56bfc062723c751e8b465ee728b)  -> (artifact id: '026ff465917428cd7de3bb5581bf07b3') in 0.002411 seconds
  Import took 0.004347 seconds .

========================================================================
Received Import Request.
  Time since last request: 0.000145 seconds.
  path: Assets/Inventory/Liandry's Torment.asset
  artifactKey: Guid(d0e3b3f60ad8b194e8be2eeee0ff2588) Importer(815301076,1909f56bfc062723c751e8b465ee728b)
Start importing Assets/Inventory/Liandry's Torment.asset using Guid(d0e3b3f60ad8b194e8be2eeee0ff2588) Importer(815301076,1909f56bfc062723c751e8b465ee728b)  -> (artifact id: 'd4ec493e92bd00e36abf5a260af8ea03') in 0.002458 seconds
  Import took 0.004075 seconds .

========================================================================
Received Import Request.
  Time since last request: 0.000173 seconds.
  path: Assets/Inventory/Rabadons Deathcap.asset
  artifactKey: Guid(f621526c8bd2b974aa10a4c51d3921a4) Importer(815301076,1909f56bfc062723c751e8b465ee728b)
Start importing Assets/Inventory/Rabadons Deathcap.asset using Guid(f621526c8bd2b974aa10a4c51d3921a4) Importer(815301076,1909f56bfc062723c751e8b465ee728b)  -> (artifact id: '3e151c72a521b6ad9fd6a937dd333beb') in 0.002234 seconds
  Import took 0.004138 seconds .

========================================================================
Received Import Request.
  Time since last request: 12.620455 seconds.
  path: Assets/Inventory/Unit Inventory.asset
  artifactKey: Guid(79c00fb394ea29f449e0dc80287dfb60) Importer(815301076,1909f56bfc062723c751e8b465ee728b)
Start importing Assets/Inventory/Unit Inventory.asset using Guid(79c00fb394ea29f449e0dc80287dfb60) Importer(815301076,1909f56bfc062723c751e8b465ee728b)  -> (artifact id: 'ebb54f05ec0c692514f2e49a3180626d') in 0.017592 seconds
  Import took 0.019781 seconds .

========================================================================
Received Prepare
Registering precompiled user dll's ...
Registered in 0.003998 seconds.
Begin MonoManager ReloadAssembly
Native extension for WindowsStandalone target not found
Refreshing native plugins compatible for Editor in 0.38 ms, found 1 plugins.
Preloading 0 native plugins for Editor in 0.00 ms.
Mono: successfully reloaded assembly
- Completed reload, in  0.907 seconds
Platform modules already initialized, skipping
Refreshing native plugins compatible for Editor in 0.33 ms, found 1 plugins.
Preloading 0 native plugins for Editor in 0.00 ms.
Unloading 1201 Unused Serialized files (Serialized files now loaded: 0)
System memory in use before: 68.3 MB.
System memory in use after: 68.4 MB.

Unloading 18 unused Assets to reduce memory usage. Loaded Objects now: 1775.
Total: 14.646000 ms (FindLiveObjects: 0.164600 ms CreateObjectMapping: 0.028200 ms MarkObjects: 14.434600 ms  DeleteObjects: 0.017300 ms)

========================================================================
Received Prepare
Registering precompiled user dll's ...
Registered in 0.003725 seconds.
Begin MonoManager ReloadAssembly
Native extension for WindowsStandalone target not found
Refreshing native plugins compatible for Editor in 0.39 ms, found 1 plugins.
Preloading 0 native plugins for Editor in 0.00 ms.
Mono: successfully reloaded assembly
- Completed reload, in  0.911 seconds
Platform modules already initialized, skipping
Refreshing native plugins compatible for Editor in 0.30 ms, found 1 plugins.
Preloading 0 native plugins for Editor in 0.00 ms.
Unloading 1201 Unused Serialized files (Serialized files now loaded: 0)
System memory in use before: 68.3 MB.
System memory in use after: 68.4 MB.

Unloading 18 unused Assets to reduce memory usage. Loaded Objects now: 1778.
Total: 14.979100 ms (FindLiveObjects: 0.166400 ms CreateObjectMapping: 0.035000 ms MarkObjects: 14.757300 ms  DeleteObjects: 0.019200 ms)

========================================================================
Received Prepare
Registering precompiled user dll's ...
Registered in 0.004591 seconds.
Begin MonoManager ReloadAssembly
Native extension for WindowsStandalone target not found
Refreshing native plugins compatible for Editor in 0.31 ms, found 1 plugins.
Preloading 0 native plugins for Editor in 0.00 ms.
Mono: successfully reloaded assembly
- Completed reload, in  0.979 seconds
Platform modules already initialized, skipping
Refreshing native plugins compatible for Editor in 0.34 ms, found 1 plugins.
Preloading 0 native plugins for Editor in 0.00 ms.
Unloading 1201 Unused Serialized files (Serialized files now loaded: 0)
System memory in use before: 68.4 MB.
System memory in use after: 68.5 MB.

Unloading 18 unused Assets to reduce memory usage. Loaded Objects now: 1781.
Total: 16.518600 ms (FindLiveObjects: 0.173700 ms CreateObjectMapping: 0.030000 ms MarkObjects: 16.289300 ms  DeleteObjects: 0.024600 ms)

========================================================================
Received Prepare
Registering precompiled user dll's ...
Registered in 0.003789 seconds.
Begin MonoManager ReloadAssembly
Native extension for WindowsStandalone target not found
Refreshing native plugins compatible for Editor in 0.32 ms, found 1 plugins.
Preloading 0 native plugins for Editor in 0.00 ms.
Mono: successfully reloaded assembly
- Completed reload, in  0.930 seconds
Platform modules already initialized, skipping
Refreshing native plugins compatible for Editor in 0.31 ms, found 1 plugins.
Preloading 0 native plugins for Editor in 0.00 ms.
Unloading 1201 Unused Serialized files (Serialized files now loaded: 0)
System memory in use before: 68.4 MB.
System memory in use after: 68.5 MB.

Unloading 18 unused Assets to reduce memory usage. Loaded Objects now: 1784.
Total: 15.088200 ms (FindLiveObjects: 0.237100 ms CreateObjectMapping: 0.103900 ms MarkObjects: 14.728500 ms  DeleteObjects: 0.017700 ms)

========================================================================
Received Prepare
Registering precompiled user dll's ...
Registered in 0.004360 seconds.
Begin MonoManager ReloadAssembly
Native extension for WindowsStandalone target not found
Refreshing native plugins compatible for Editor in 0.32 ms, found 1 plugins.
Preloading 0 native plugins for Editor in 0.00 ms.
Mono: successfully reloaded assembly
- Completed reload, in  0.898 seconds
Platform modules already initialized, skipping
Refreshing native plugins compatible for Editor in 0.35 ms, found 1 plugins.
Preloading 0 native plugins for Editor in 0.00 ms.
Unloading 1201 Unused Serialized files (Serialized files now loaded: 0)
System memory in use before: 68.4 MB.
System memory in use after: 68.5 MB.

Unloading 18 unused Assets to reduce memory usage. Loaded Objects now: 1787.
Total: 14.777000 ms (FindLiveObjects: 0.187500 ms CreateObjectMapping: 0.029600 ms MarkObjects: 14.540100 ms  DeleteObjects: 0.018800 ms)

========================================================================
Received Prepare
Registering precompiled user dll's ...
Registered in 0.005083 seconds.
Begin MonoManager ReloadAssembly
Native extension for WindowsStandalone target not found
Refreshing native plugins compatible for Editor in 0.31 ms, found 1 plugins.
Preloading 0 native plugins for Editor in 0.00 ms.
Mono: successfully reloaded assembly
- Completed reload, in  0.949 seconds
Platform modules already initialized, skipping
Refreshing native plugins compatible for Editor in 0.33 ms, found 1 plugins.
Preloading 0 native plugins for Editor in 0.00 ms.
Unloading 1201 Unused Serialized files (Serialized files now loaded: 0)
System memory in use before: 68.4 MB.
System memory in use after: 68.5 MB.

Unloading 18 unused Assets to reduce memory usage. Loaded Objects now: 1790.
Total: 15.374000 ms (FindLiveObjects: 0.226000 ms CreateObjectMapping: 0.031300 ms MarkObjects: 15.096200 ms  DeleteObjects: 0.019400 ms)

========================================================================
Received Prepare
Registering precompiled user dll's ...
Registered in 0.003713 seconds.
Begin MonoManager ReloadAssembly
Native extension for WindowsStandalone target not found
Refreshing native plugins compatible for Editor in 0.32 ms, found 1 plugins.
Preloading 0 native plugins for Editor in 0.00 ms.
Mono: successfully reloaded assembly
- Completed reload, in  0.895 seconds
Platform modules already initialized, skipping
Refreshing native plugins compatible for Editor in 0.30 ms, found 1 plugins.
Preloading 0 native plugins for Editor in 0.00 ms.
Unloading 1201 Unused Serialized files (Serialized files now loaded: 0)
System memory in use before: 68.4 MB.
System memory in use after: 68.5 MB.

Unloading 18 unused Assets to reduce memory usage. Loaded Objects now: 1793.
Total: 14.894400 ms (FindLiveObjects: 0.152800 ms CreateObjectMapping: 0.027500 ms MarkObjects: 14.692700 ms  DeleteObjects: 0.020200 ms)

========================================================================
Received Prepare
Registering precompiled user dll's ...
Registered in 0.003766 seconds.
Begin MonoManager ReloadAssembly
Native extension for WindowsStandalone target not found
Refreshing native plugins compatible for Editor in 0.30 ms, found 1 plugins.
Preloading 0 native plugins for Editor in 0.00 ms.
Mono: successfully reloaded assembly
- Completed reload, in  0.948 seconds
Platform modules already initialized, skipping
Refreshing native plugins compatible for Editor in 0.32 ms, found 1 plugins.
Preloading 0 native plugins for Editor in 0.00 ms.
Unloading 1201 Unused Serialized files (Serialized files now loaded: 0)
System memory in use before: 68.4 MB.
System memory in use after: 68.5 MB.

Unloading 18 unused Assets to reduce memory usage. Loaded Objects now: 1796.
Total: 22.516300 ms (FindLiveObjects: 0.178800 ms CreateObjectMapping: 0.029500 ms MarkObjects: 22.286400 ms  DeleteObjects: 0.020400 ms)

========================================================================
Received Prepare
Registering precompiled user dll's ...
Registered in 0.003845 seconds.
Begin MonoManager ReloadAssembly
Native extension for WindowsStandalone target not found
Refreshing native plugins compatible for Editor in 0.31 ms, found 1 plugins.
Preloading 0 native plugins for Editor in 0.00 ms.
Mono: successfully reloaded assembly
- Completed reload, in  0.920 seconds
Platform modules already initialized, skipping
Refreshing native plugins compatible for Editor in 0.30 ms, found 1 plugins.
Preloading 0 native plugins for Editor in 0.00 ms.
Unloading 1201 Unused Serialized files (Serialized files now loaded: 0)
System memory in use before: 68.4 MB.
System memory in use after: 68.5 MB.

Unloading 18 unused Assets to reduce memory usage. Loaded Objects now: 1799.
Total: 15.625100 ms (FindLiveObjects: 0.146400 ms CreateObjectMapping: 0.030000 ms MarkObjects: 15.427200 ms  DeleteObjects: 0.019700 ms)

========================================================================
Received Import Request.
  Time since last request: 467.853880 seconds.
  path: Assets/Inventory/Unit Inventory.asset
  artifactKey: Guid(79c00fb394ea29f449e0dc80287dfb60) Importer(815301076,1909f56bfc062723c751e8b465ee728b)
Start importing Assets/Inventory/Unit Inventory.asset using Guid(79c00fb394ea29f449e0dc80287dfb60) Importer(815301076,1909f56bfc062723c751e8b465ee728b)  -> (artifact id: '0152bd72375a2cb724f61c4788d4655f') in 0.011369 seconds
  Import took 0.013818 seconds .

========================================================================
Received Import Request.
  Time since last request: 0.001827 seconds.
  path: Assets/Inventory/Unit Inventory.asset
  artifactKey: Guid(79c00fb394ea29f449e0dc80287dfb60) Importer(815301076,1909f56bfc062723c751e8b465ee728b)
Start importing Assets/Inventory/Unit Inventory.asset using Guid(79c00fb394ea29f449e0dc80287dfb60) Importer(815301076,1909f56bfc062723c751e8b465ee728b)  -> (artifact id: '0152bd72375a2cb724f61c4788d4655f') in 0.003461 seconds
  Import took 0.005523 seconds .

========================================================================
Received Prepare
Registering precompiled user dll's ...
Registered in 0.003942 seconds.
Begin MonoManager ReloadAssembly
Native extension for WindowsStandalone target not found
Refreshing native plugins compatible for Editor in 0.30 ms, found 1 plugins.
Preloading 0 native plugins for Editor in 0.00 ms.
Mono: successfully reloaded assembly
- Completed reload, in  0.901 seconds
Platform modules already initialized, skipping
Refreshing native plugins compatible for Editor in 0.35 ms, found 1 plugins.
Preloading 0 native plugins for Editor in 0.00 ms.
Unloading 1201 Unused Serialized files (Serialized files now loaded: 0)
System memory in use before: 68.4 MB.
System memory in use after: 68.5 MB.

Unloading 18 unused Assets to reduce memory usage. Loaded Objects now: 1802.
Total: 14.610500 ms (FindLiveObjects: 0.130400 ms CreateObjectMapping: 0.029000 ms MarkObjects: 14.432100 ms  DeleteObjects: 0.017700 ms)

========================================================================
Received Prepare
Registering precompiled user dll's ...
Registered in 0.003636 seconds.
Begin MonoManager ReloadAssembly
Native extension for WindowsStandalone target not found
Refreshing native plugins compatible for Editor in 0.31 ms, found 1 plugins.
Preloading 0 native plugins for Editor in 0.00 ms.
Mono: successfully reloaded assembly
- Completed reload, in  0.960 seconds
Platform modules already initialized, skipping
Refreshing native plugins compatible for Editor in 0.31 ms, found 1 plugins.
Preloading 0 native plugins for Editor in 0.00 ms.
Unloading 1201 Unused Serialized files (Serialized files now loaded: 0)
System memory in use before: 68.4 MB.
System memory in use after: 68.5 MB.

Unloading 18 unused Assets to reduce memory usage. Loaded Objects now: 1805.
Total: 14.741500 ms (FindLiveObjects: 0.176900 ms CreateObjectMapping: 0.029600 ms MarkObjects: 14.516700 ms  DeleteObjects: 0.017000 ms)

========================================================================
Received Prepare
Registering precompiled user dll's ...
Registered in 0.004095 seconds.
Begin MonoManager ReloadAssembly
Native extension for WindowsStandalone target not found
Refreshing native plugins compatible for Editor in 0.32 ms, found 1 plugins.
Preloading 0 native plugins for Editor in 0.00 ms.
Mono: successfully reloaded assembly
- Completed reload, in  0.899 seconds
Platform modules already initialized, skipping
Refreshing native plugins compatible for Editor in 0.31 ms, found 1 plugins.
Preloading 0 native plugins for Editor in 0.00 ms.
Unloading 1201 Unused Serialized files (Serialized files now loaded: 0)
System memory in use before: 68.4 MB.
System memory in use after: 68.5 MB.

Unloading 18 unused Assets to reduce memory usage. Loaded Objects now: 1808.
Total: 14.863100 ms (FindLiveObjects: 0.175200 ms CreateObjectMapping: 0.028900 ms MarkObjects: 14.599300 ms  DeleteObjects: 0.017900 ms)

========================================================================
Received Prepare
Registering precompiled user dll's ...
Registered in 0.003747 seconds.
Begin MonoManager ReloadAssembly
Native extension for WindowsStandalone target not found
Refreshing native plugins compatible for Editor in 0.30 ms, found 1 plugins.
Preloading 0 native plugins for Editor in 0.00 ms.
Mono: successfully reloaded assembly
- Completed reload, in  0.909 seconds
Platform modules already initialized, skipping
Refreshing native plugins compatible for Editor in 0.31 ms, found 1 plugins.
Preloading 0 native plugins for Editor in 0.00 ms.
Unloading 1201 Unused Serialized files (Serialized files now loaded: 0)
System memory in use before: 68.4 MB.
System memory in use after: 68.5 MB.

Unloading 18 unused Assets to reduce memory usage. Loaded Objects now: 1811.
Total: 14.662800 ms (FindLiveObjects: 0.212300 ms CreateObjectMapping: 0.030200 ms MarkObjects: 14.400100 ms  DeleteObjects: 0.018600 ms)

========================================================================
Received Prepare
Registering precompiled user dll's ...
Registered in 0.005144 seconds.
Begin MonoManager ReloadAssembly
Native extension for WindowsStandalone target not found
Refreshing native plugins compatible for Editor in 0.33 ms, found 1 plugins.
Preloading 0 native plugins for Editor in 0.00 ms.
Mono: successfully reloaded assembly
- Completed reload, in  0.911 seconds
Platform modules already initialized, skipping
Refreshing native plugins compatible for Editor in 0.30 ms, found 1 plugins.
Preloading 0 native plugins for Editor in 0.00 ms.
Unloading 1201 Unused Serialized files (Serialized files now loaded: 0)
System memory in use before: 68.4 MB.
System memory in use after: 68.5 MB.

Unloading 18 unused Assets to reduce memory usage. Loaded Objects now: 1814.
Total: 15.774500 ms (FindLiveObjects: 0.179300 ms CreateObjectMapping: 0.030500 ms MarkObjects: 15.540900 ms  DeleteObjects: 0.022100 ms)

========================================================================
Received Prepare
Registering precompiled user dll's ...
Registered in 0.003766 seconds.
Begin MonoManager ReloadAssembly
Native extension for WindowsStandalone target not found
Refreshing native plugins compatible for Editor in 0.31 ms, found 1 plugins.
Preloading 0 native plugins for Editor in 0.00 ms.
Mono: successfully reloaded assembly
- Completed reload, in  0.978 seconds
Platform modules already initialized, skipping
Refreshing native plugins compatible for Editor in 0.43 ms, found 1 plugins.
Preloading 0 native plugins for Editor in 0.00 ms.
Unloading 1201 Unused Serialized files (Serialized files now loaded: 0)
System memory in use before: 68.5 MB.
System memory in use after: 68.6 MB.

Unloading 18 unused Assets to reduce memory usage. Loaded Objects now: 1817.
Total: 15.838400 ms (FindLiveObjects: 0.162400 ms CreateObjectMapping: 0.028300 ms MarkObjects: 15.628700 ms  DeleteObjects: 0.018000 ms)

========================================================================
Received Prepare
Registering precompiled user dll's ...
Registered in 0.003958 seconds.
Begin MonoManager ReloadAssembly
Native extension for WindowsStandalone target not found
Refreshing native plugins compatible for Editor in 0.32 ms, found 1 plugins.
Preloading 0 native plugins for Editor in 0.00 ms.
Mono: successfully reloaded assembly
- Completed reload, in  0.918 seconds
Platform modules already initialized, skipping
Refreshing native plugins compatible for Editor in 0.30 ms, found 1 plugins.
Preloading 0 native plugins for Editor in 0.00 ms.
Unloading 1201 Unused Serialized files (Serialized files now loaded: 0)
System memory in use before: 68.5 MB.
System memory in use after: 68.6 MB.

Unloading 18 unused Assets to reduce memory usage. Loaded Objects now: 1820.
Total: 14.645700 ms (FindLiveObjects: 0.130600 ms CreateObjectMapping: 0.029300 ms MarkObjects: 14.466800 ms  DeleteObjects: 0.018000 ms)

========================================================================
Received Prepare
Registering precompiled user dll's ...
Registered in 0.003666 seconds.
Begin MonoManager ReloadAssembly
Native extension for WindowsStandalone target not found
Refreshing native plugins compatible for Editor in 0.32 ms, found 1 plugins.
Preloading 0 native plugins for Editor in 0.00 ms.
Mono: successfully reloaded assembly
- Completed reload, in  0.987 seconds
Platform modules already initialized, skipping
Refreshing native plugins compatible for Editor in 0.31 ms, found 1 plugins.
Preloading 0 native plugins for Editor in 0.00 ms.
Unloading 1201 Unused Serialized files (Serialized files now loaded: 0)
System memory in use before: 68.5 MB.
System memory in use after: 68.6 MB.

Unloading 18 unused Assets to reduce memory usage. Loaded Objects now: 1823.
Total: 15.552700 ms (FindLiveObjects: 0.181700 ms CreateObjectMapping: 0.030800 ms MarkObjects: 15.320100 ms  DeleteObjects: 0.019000 ms)

========================================================================
Received Prepare
Registering precompiled user dll's ...
Registered in 0.004611 seconds.
Begin MonoManager ReloadAssembly
Native extension for WindowsStandalone target not found
Refreshing native plugins compatible for Editor in 0.28 ms, found 1 plugins.
Preloading 0 native plugins for Editor in 0.00 ms.
Mono: successfully reloaded assembly
- Completed reload, in  0.957 seconds
Platform modules already initialized, skipping
Refreshing native plugins compatible for Editor in 0.31 ms, found 1 plugins.
Preloading 0 native plugins for Editor in 0.00 ms.
Unloading 1201 Unused Serialized files (Serialized files now loaded: 0)
System memory in use before: 68.5 MB.
System memory in use after: 68.6 MB.

Unloading 18 unused Assets to reduce memory usage. Loaded Objects now: 1826.
Total: 14.886800 ms (FindLiveObjects: 0.172400 ms CreateObjectMapping: 0.032200 ms MarkObjects: 14.660300 ms  DeleteObjects: 0.020200 ms)

========================================================================
Received Prepare
Registering precompiled user dll's ...
Registered in 0.004313 seconds.
Begin MonoManager ReloadAssembly
Native extension for WindowsStandalone target not found
Refreshing native plugins compatible for Editor in 0.33 ms, found 1 plugins.
Preloading 0 native plugins for Editor in 0.00 ms.
Mono: successfully reloaded assembly
- Completed reload, in  1.005 seconds
Platform modules already initialized, skipping
Refreshing native plugins compatible for Editor in 0.35 ms, found 1 plugins.
Preloading 0 native plugins for Editor in 0.00 ms.
Unloading 1201 Unused Serialized files (Serialized files now loaded: 0)
System memory in use before: 68.5 MB.
System memory in use after: 68.6 MB.

Unloading 18 unused Assets to reduce memory usage. Loaded Objects now: 1829.
Total: 16.926200 ms (FindLiveObjects: 0.259800 ms CreateObjectMapping: 0.037400 ms MarkObjects: 16.608900 ms  DeleteObjects: 0.018600 ms)

========================================================================
Received Prepare
Registering precompiled user dll's ...
Registered in 0.004551 seconds.
Begin MonoManager ReloadAssembly
Native extension for WindowsStandalone target not found
Refreshing native plugins compatible for Editor in 0.35 ms, found 1 plugins.
Preloading 0 native plugins for Editor in 0.00 ms.
Mono: successfully reloaded assembly
- Completed reload, in  1.071 seconds
Platform modules already initialized, skipping
Refreshing native plugins compatible for Editor in 0.41 ms, found 1 plugins.
Preloading 0 native plugins for Editor in 0.00 ms.
Unloading 1201 Unused Serialized files (Serialized files now loaded: 0)
System memory in use before: 68.5 MB.
System memory in use after: 68.6 MB.

Unloading 18 unused Assets to reduce memory usage. Loaded Objects now: 1832.
Total: 20.538500 ms (FindLiveObjects: 0.238300 ms CreateObjectMapping: 0.036500 ms MarkObjects: 20.232000 ms  DeleteObjects: 0.029900 ms)

========================================================================
Received Prepare
Registering precompiled user dll's ...
Registered in 0.003799 seconds.
Begin MonoManager ReloadAssembly
Native extension for WindowsStandalone target not found
Refreshing native plugins compatible for Editor in 0.35 ms, found 1 plugins.
Preloading 0 native plugins for Editor in 0.00 ms.
Mono: successfully reloaded assembly
- Completed reload, in  0.928 seconds
Platform modules already initialized, skipping
Refreshing native plugins compatible for Editor in 0.31 ms, found 1 plugins.
Preloading 0 native plugins for Editor in 0.00 ms.
Unloading 1201 Unused Serialized files (Serialized files now loaded: 0)
System memory in use before: 68.5 MB.
System memory in use after: 68.6 MB.

Unloading 18 unused Assets to reduce memory usage. Loaded Objects now: 1835.
Total: 14.554300 ms (FindLiveObjects: 0.143300 ms CreateObjectMapping: 0.029900 ms MarkObjects: 14.363300 ms  DeleteObjects: 0.016700 ms)

========================================================================
Received Prepare
Registering precompiled user dll's ...
Registered in 0.003984 seconds.
Begin MonoManager ReloadAssembly
Native extension for WindowsStandalone target not found
Refreshing native plugins compatible for Editor in 0.46 ms, found 1 plugins.
Preloading 0 native plugins for Editor in 0.00 ms.
Mono: successfully reloaded assembly
- Completed reload, in  0.953 seconds
Platform modules already initialized, skipping
Refreshing native plugins compatible for Editor in 0.33 ms, found 1 plugins.
Preloading 0 native plugins for Editor in 0.00 ms.
Unloading 1201 Unused Serialized files (Serialized files now loaded: 0)
System memory in use before: 68.5 MB.
System memory in use after: 68.6 MB.

Unloading 18 unused Assets to reduce memory usage. Loaded Objects now: 1838.
Total: 16.893200 ms (FindLiveObjects: 0.244100 ms CreateObjectMapping: 0.032700 ms MarkObjects: 16.590200 ms  DeleteObjects: 0.024500 ms)

========================================================================
Received Prepare
Registering precompiled user dll's ...
Registered in 0.005243 seconds.
Begin MonoManager ReloadAssembly
Native extension for WindowsStandalone target not found
Refreshing native plugins compatible for Editor in 0.31 ms, found 1 plugins.
Preloading 0 native plugins for Editor in 0.00 ms.
Mono: successfully reloaded assembly
- Completed reload, in  0.977 seconds
Platform modules already initialized, skipping
Refreshing native plugins compatible for Editor in 0.30 ms, found 1 plugins.
Preloading 0 native plugins for Editor in 0.00 ms.
Unloading 1201 Unused Serialized files (Serialized files now loaded: 0)
System memory in use before: 68.5 MB.
System memory in use after: 68.6 MB.

Unloading 18 unused Assets to reduce memory usage. Loaded Objects now: 1841.
Total: 14.897200 ms (FindLiveObjects: 0.168600 ms CreateObjectMapping: 0.031600 ms MarkObjects: 14.678700 ms  DeleteObjects: 0.017200 ms)

========================================================================
Received Prepare
Registering precompiled user dll's ...
Registered in 0.003836 seconds.
Begin MonoManager ReloadAssembly
Native extension for WindowsStandalone target not found
Refreshing native plugins compatible for Editor in 0.32 ms, found 1 plugins.
Preloading 0 native plugins for Editor in 0.00 ms.
Mono: successfully reloaded assembly
- Completed reload, in  0.952 seconds
Platform modules already initialized, skipping
Refreshing native plugins compatible for Editor in 0.49 ms, found 1 plugins.
Preloading 0 native plugins for Editor in 0.00 ms.
Unloading 1201 Unused Serialized files (Serialized files now loaded: 0)
System memory in use before: 68.5 MB.
System memory in use after: 68.6 MB.

Unloading 18 unused Assets to reduce memory usage. Loaded Objects now: 1844.
Total: 14.874800 ms (FindLiveObjects: 0.165500 ms CreateObjectMapping: 0.029700 ms MarkObjects: 14.657900 ms  DeleteObjects: 0.020000 ms)

========================================================================
Received Prepare
Registering precompiled user dll's ...
Registered in 0.003888 seconds.
Begin MonoManager ReloadAssembly
Native extension for WindowsStandalone target not found
Refreshing native plugins compatible for Editor in 0.30 ms, found 1 plugins.
Preloading 0 native plugins for Editor in 0.00 ms.
Mono: successfully reloaded assembly
- Completed reload, in  0.931 seconds
Platform modules already initialized, skipping
Refreshing native plugins compatible for Editor in 0.31 ms, found 1 plugins.
Preloading 0 native plugins for Editor in 0.00 ms.
Unloading 1201 Unused Serialized files (Serialized files now loaded: 0)
System memory in use before: 68.5 MB.
System memory in use after: 68.7 MB.

Unloading 18 unused Assets to reduce memory usage. Loaded Objects now: 1847.
Total: 14.781500 ms (FindLiveObjects: 0.155600 ms CreateObjectMapping: 0.031000 ms MarkObjects: 14.576800 ms  DeleteObjects: 0.017000 ms)

========================================================================
Received Prepare
Registering precompiled user dll's ...
Registered in 0.004023 seconds.
Begin MonoManager ReloadAssembly
Native extension for WindowsStandalone target not found
Refreshing native plugins compatible for Editor in 0.30 ms, found 1 plugins.
Preloading 0 native plugins for Editor in 0.00 ms.
Mono: successfully reloaded assembly
- Completed reload, in  0.931 seconds
Platform modules already initialized, skipping
Refreshing native plugins compatible for Editor in 0.35 ms, found 1 plugins.
Preloading 0 native plugins for Editor in 0.00 ms.
Unloading 1201 Unused Serialized files (Serialized files now loaded: 0)
System memory in use before: 68.6 MB.
System memory in use after: 68.7 MB.

Unloading 18 unused Assets to reduce memory usage. Loaded Objects now: 1850.
Total: 25.358000 ms (FindLiveObjects: 0.310700 ms CreateObjectMapping: 0.045500 ms MarkObjects: 24.979900 ms  DeleteObjects: 0.020700 ms)

========================================================================
Received Prepare
Registering precompiled user dll's ...
Registered in 0.005247 seconds.
Begin MonoManager ReloadAssembly
Native extension for WindowsStandalone target not found
Refreshing native plugins compatible for Editor in 0.31 ms, found 1 plugins.
Preloading 0 native plugins for Editor in 0.00 ms.
Mono: successfully reloaded assembly
- Completed reload, in  0.968 seconds
Platform modules already initialized, skipping
Refreshing native plugins compatible for Editor in 0.31 ms, found 1 plugins.
Preloading 0 native plugins for Editor in 0.00 ms.
Unloading 1201 Unused Serialized files (Serialized files now loaded: 0)
System memory in use before: 68.6 MB.
System memory in use after: 68.7 MB.

Unloading 18 unused Assets to reduce memory usage. Loaded Objects now: 1853.
Total: 16.117600 ms (FindLiveObjects: 0.205800 ms CreateObjectMapping: 0.027800 ms MarkObjects: 15.864700 ms  DeleteObjects: 0.018300 ms)

========================================================================
Received Prepare
Registering precompiled user dll's ...
Registered in 0.003820 seconds.
Begin MonoManager ReloadAssembly
Native extension for WindowsStandalone target not found
Refreshing native plugins compatible for Editor in 0.33 ms, found 1 plugins.
Preloading 0 native plugins for Editor in 0.00 ms.
Mono: successfully reloaded assembly
- Completed reload, in  0.930 seconds
Platform modules already initialized, skipping
Refreshing native plugins compatible for Editor in 0.30 ms, found 1 plugins.
Preloading 0 native plugins for Editor in 0.00 ms.
Unloading 1201 Unused Serialized files (Serialized files now loaded: 0)
System memory in use before: 68.6 MB.
System memory in use after: 68.7 MB.

Unloading 18 unused Assets to reduce memory usage. Loaded Objects now: 1856.
Total: 15.184800 ms (FindLiveObjects: 0.181300 ms CreateObjectMapping: 0.031100 ms MarkObjects: 14.950500 ms  DeleteObjects: 0.020000 ms)

========================================================================
Received Prepare
Registering precompiled user dll's ...
Registered in 0.005457 seconds.
Begin MonoManager ReloadAssembly
Native extension for WindowsStandalone target not found
Refreshing native plugins compatible for Editor in 0.32 ms, found 1 plugins.
Preloading 0 native plugins for Editor in 0.00 ms.
Mono: successfully reloaded assembly
- Completed reload, in  0.953 seconds
Platform modules already initialized, skipping
Refreshing native plugins compatible for Editor in 0.29 ms, found 1 plugins.
Preloading 0 native plugins for Editor in 0.00 ms.
Unloading 1201 Unused Serialized files (Serialized files now loaded: 0)
System memory in use before: 68.6 MB.
System memory in use after: 68.7 MB.

Unloading 18 unused Assets to reduce memory usage. Loaded Objects now: 1859.
Total: 14.871500 ms (FindLiveObjects: 0.132300 ms CreateObjectMapping: 0.029600 ms MarkObjects: 14.689300 ms  DeleteObjects: 0.019400 ms)

========================================================================
Received Prepare
Registering precompiled user dll's ...
Registered in 0.003878 seconds.
Begin MonoManager ReloadAssembly
Native extension for WindowsStandalone target not found
Refreshing native plugins compatible for Editor in 0.31 ms, found 1 plugins.
Preloading 0 native plugins for Editor in 0.00 ms.
Mono: successfully reloaded assembly
- Completed reload, in  0.905 seconds
Platform modules already initialized, skipping
Refreshing native plugins compatible for Editor in 0.30 ms, found 1 plugins.
Preloading 0 native plugins for Editor in 0.00 ms.
Unloading 1201 Unused Serialized files (Serialized files now loaded: 0)
System memory in use before: 68.6 MB.
System memory in use after: 68.7 MB.

Unloading 18 unused Assets to reduce memory usage. Loaded Objects now: 1862.
Total: 15.015600 ms (FindLiveObjects: 0.172000 ms CreateObjectMapping: 0.029700 ms MarkObjects: 14.791500 ms  DeleteObjects: 0.021100 ms)

========================================================================
Received Prepare
Registering precompiled user dll's ...
Registered in 0.004079 seconds.
Begin MonoManager ReloadAssembly
Native extension for WindowsStandalone target not found
Refreshing native plugins compatible for Editor in 0.32 ms, found 1 plugins.
Preloading 0 native plugins for Editor in 0.00 ms.
Mono: successfully reloaded assembly
- Completed reload, in  0.948 seconds
Platform modules already initialized, skipping
Refreshing native plugins compatible for Editor in 0.31 ms, found 1 plugins.
Preloading 0 native plugins for Editor in 0.00 ms.
Unloading 1201 Unused Serialized files (Serialized files now loaded: 0)
System memory in use before: 68.6 MB.
System memory in use after: 68.7 MB.

Unloading 18 unused Assets to reduce memory usage. Loaded Objects now: 1865.
Total: 15.558600 ms (FindLiveObjects: 0.177900 ms CreateObjectMapping: 0.029000 ms MarkObjects: 15.333700 ms  DeleteObjects: 0.016900 ms)

========================================================================
Received Prepare
Registering precompiled user dll's ...
Registered in 0.004099 seconds.
Begin MonoManager ReloadAssembly
Native extension for WindowsStandalone target not found
Refreshing native plugins compatible for Editor in 0.37 ms, found 1 plugins.
Preloading 0 native plugins for Editor in 0.00 ms.
Mono: successfully reloaded assembly
- Completed reload, in  0.949 seconds
Platform modules already initialized, skipping
Refreshing native plugins compatible for Editor in 0.31 ms, found 1 plugins.
Preloading 0 native plugins for Editor in 0.00 ms.
Unloading 1201 Unused Serialized files (Serialized files now loaded: 0)
System memory in use before: 68.6 MB.
System memory in use after: 68.7 MB.

Unloading 18 unused Assets to reduce memory usage. Loaded Objects now: 1868.
Total: 14.840300 ms (FindLiveObjects: 0.193300 ms CreateObjectMapping: 0.030500 ms MarkObjects: 14.592200 ms  DeleteObjects: 0.023000 ms)

========================================================================
Received Prepare
Registering precompiled user dll's ...
Registered in 0.003766 seconds.
Begin MonoManager ReloadAssembly
Native extension for WindowsStandalone target not found
Refreshing native plugins compatible for Editor in 0.31 ms, found 1 plugins.
Preloading 0 native plugins for Editor in 0.00 ms.
Mono: successfully reloaded assembly
- Completed reload, in  0.943 seconds
Platform modules already initialized, skipping
Refreshing native plugins compatible for Editor in 0.32 ms, found 1 plugins.
Preloading 0 native plugins for Editor in 0.00 ms.
Unloading 1201 Unused Serialized files (Serialized files now loaded: 0)
System memory in use before: 68.6 MB.
System memory in use after: 68.7 MB.

Unloading 18 unused Assets to reduce memory usage. Loaded Objects now: 1871.
Total: 14.825800 ms (FindLiveObjects: 0.149200 ms CreateObjectMapping: 0.029600 ms MarkObjects: 14.617700 ms  DeleteObjects: 0.027800 ms)

========================================================================
Received Prepare
Registering precompiled user dll's ...
Registered in 0.004885 seconds.
Begin MonoManager ReloadAssembly
Native extension for WindowsStandalone target not found
Refreshing native plugins compatible for Editor in 0.30 ms, found 1 plugins.
Preloading 0 native plugins for Editor in 0.00 ms.
Mono: successfully reloaded assembly
- Completed reload, in  0.923 seconds
Platform modules already initialized, skipping
Refreshing native plugins compatible for Editor in 0.32 ms, found 1 plugins.
Preloading 0 native plugins for Editor in 0.00 ms.
Unloading 1201 Unused Serialized files (Serialized files now loaded: 0)
System memory in use before: 68.6 MB.
System memory in use after: 68.7 MB.

Unloading 18 unused Assets to reduce memory usage. Loaded Objects now: 1874.
Total: 16.019300 ms (FindLiveObjects: 0.181100 ms CreateObjectMapping: 0.030500 ms MarkObjects: 15.783400 ms  DeleteObjects: 0.022900 ms)

========================================================================
Received Import Request.
  Time since last request: 8570.817875 seconds.
  path: Assets/Inventory/Soldier Inventory.asset
  artifactKey: Guid(79c00fb394ea29f449e0dc80287dfb60) Importer(815301076,1909f56bfc062723c751e8b465ee728b)
Start importing Assets/Inventory/Soldier Inventory.asset using Guid(79c00fb394ea29f449e0dc80287dfb60) Importer(815301076,1909f56bfc062723c751e8b465ee728b)  -> (artifact id: 'd751c1c772ddf77eb26e338617b427dd') in 0.017293 seconds
  Import took 0.019726 seconds .

========================================================================
Received Import Request.
  Time since last request: 9.544975 seconds.
  path: Assets/Inventory/Apprentice Inventory.asset
  artifactKey: Guid(52d0f5530838e5a4b8fc547baeb0947b) Importer(815301076,1909f56bfc062723c751e8b465ee728b)
Start importing Assets/Inventory/Apprentice Inventory.asset using Guid(52d0f5530838e5a4b8fc547baeb0947b) Importer(815301076,1909f56bfc062723c751e8b465ee728b)  -> (artifact id: '46aeeb5a2321d87b09c35409a97ef4d8') in 0.009484 seconds
  Import took 0.011799 seconds .

========================================================================
Received Import Request.
  Time since last request: 20.481726 seconds.
  path: Assets/Inventory/Scout Inventory.asset
  artifactKey: Guid(26ee9bee9ea0c904f97d542abfc5f1d7) Importer(815301076,1909f56bfc062723c751e8b465ee728b)
Start importing Assets/Inventory/Scout Inventory.asset using Guid(26ee9bee9ea0c904f97d542abfc5f1d7) Importer(815301076,1909f56bfc062723c751e8b465ee728b)  -> (artifact id: '273e7b2f67fb805c2d9a9780d611eb3b') in 0.017450 seconds
  Import took 0.020091 seconds .

========================================================================
Received Import Request.
  Time since last request: 14.207684 seconds.
  path: Assets/Inventory/Items
  artifactKey: Guid(775c8fedc113b074c8c78e1b2fa5c348) Importer(815301076,1909f56bfc062723c751e8b465ee728b)
Start importing Assets/Inventory/Items using Guid(775c8fedc113b074c8c78e1b2fa5c348) Importer(815301076,1909f56bfc062723c751e8b465ee728b)  -> (artifact id: '460a0228deebe773666dba0a0214174c') in 0.008821 seconds
  Import took 0.011850 seconds .

========================================================================
Received Prepare
Registering precompiled user dll's ...
Registered in 0.003734 seconds.
Begin MonoManager ReloadAssembly
Native extension for WindowsStandalone target not found
Refreshing native plugins compatible for Editor in 0.32 ms, found 1 plugins.
Preloading 0 native plugins for Editor in 0.00 ms.
Mono: successfully reloaded assembly
- Completed reload, in  0.893 seconds
Platform modules already initialized, skipping
Refreshing native plugins compatible for Editor in 0.31 ms, found 1 plugins.
Preloading 0 native plugins for Editor in 0.00 ms.
Unloading 1201 Unused Serialized files (Serialized files now loaded: 0)
System memory in use before: 68.6 MB.
System memory in use after: 68.7 MB.

Unloading 18 unused Assets to reduce memory usage. Loaded Objects now: 1877.
Total: 14.751200 ms (FindLiveObjects: 0.158700 ms CreateObjectMapping: 0.030000 ms MarkObjects: 14.544800 ms  DeleteObjects: 0.016500 ms)

========================================================================
Received Prepare
Registering precompiled user dll's ...
Registered in 0.004077 seconds.
Begin MonoManager ReloadAssembly
Native extension for WindowsStandalone target not found
Refreshing native plugins compatible for Editor in 0.30 ms, found 1 plugins.
Preloading 0 native plugins for Editor in 0.00 ms.
Mono: successfully reloaded assembly
- Completed reload, in  0.919 seconds
Platform modules already initialized, skipping
Refreshing native plugins compatible for Editor in 0.30 ms, found 1 plugins.
Preloading 0 native plugins for Editor in 0.00 ms.
Unloading 1201 Unused Serialized files (Serialized files now loaded: 0)
System memory in use before: 68.6 MB.
System memory in use after: 68.7 MB.

Unloading 18 unused Assets to reduce memory usage. Loaded Objects now: 1880.
Total: 17.398800 ms (FindLiveObjects: 0.196000 ms CreateObjectMapping: 0.038800 ms MarkObjects: 17.139600 ms  DeleteObjects: 0.023200 ms)

========================================================================
Received Prepare
Registering precompiled user dll's ...
Registered in 0.003818 seconds.
Begin MonoManager ReloadAssembly
Native extension for WindowsStandalone target not found
Refreshing native plugins compatible for Editor in 0.42 ms, found 1 plugins.
Preloading 0 native plugins for Editor in 0.00 ms.
Mono: successfully reloaded assembly
- Completed reload, in  0.930 seconds
Platform modules already initialized, skipping
Refreshing native plugins compatible for Editor in 0.32 ms, found 1 plugins.
Preloading 0 native plugins for Editor in 0.00 ms.
Unloading 1201 Unused Serialized files (Serialized files now loaded: 0)
System memory in use before: 68.6 MB.
System memory in use after: 68.7 MB.

Unloading 18 unused Assets to reduce memory usage. Loaded Objects now: 1883.
Total: 15.316500 ms (FindLiveObjects: 0.164900 ms CreateObjectMapping: 0.030100 ms MarkObjects: 15.101900 ms  DeleteObjects: 0.018500 ms)

========================================================================
Received Prepare
Registering precompiled user dll's ...
Registered in 0.003902 seconds.
Begin MonoManager ReloadAssembly
Native extension for WindowsStandalone target not found
Refreshing native plugins compatible for Editor in 0.30 ms, found 1 plugins.
Preloading 0 native plugins for Editor in 0.00 ms.
Mono: successfully reloaded assembly
- Completed reload, in  0.943 seconds
Platform modules already initialized, skipping
Refreshing native plugins compatible for Editor in 0.30 ms, found 1 plugins.
Preloading 0 native plugins for Editor in 0.00 ms.
Unloading 1201 Unused Serialized files (Serialized files now loaded: 0)
System memory in use before: 68.7 MB.
System memory in use after: 68.8 MB.

Unloading 18 unused Assets to reduce memory usage. Loaded Objects now: 1886.
Total: 15.055200 ms (FindLiveObjects: 0.226400 ms CreateObjectMapping: 0.043700 ms MarkObjects: 14.765900 ms  DeleteObjects: 0.018000 ms)

========================================================================
Received Prepare
Registering precompiled user dll's ...
Registered in 0.003732 seconds.
Begin MonoManager ReloadAssembly
Native extension for WindowsStandalone target not found
Refreshing native plugins compatible for Editor in 0.33 ms, found 1 plugins.
Preloading 0 native plugins for Editor in 0.00 ms.
Mono: successfully reloaded assembly
- Completed reload, in  0.970 seconds
Platform modules already initialized, skipping
Refreshing native plugins compatible for Editor in 0.32 ms, found 1 plugins.
Preloading 0 native plugins for Editor in 0.00 ms.
Unloading 1201 Unused Serialized files (Serialized files now loaded: 0)
System memory in use before: 68.7 MB.
System memory in use after: 68.8 MB.

Unloading 18 unused Assets to reduce memory usage. Loaded Objects now: 1889.
Total: 17.595200 ms (FindLiveObjects: 0.354900 ms CreateObjectMapping: 0.036600 ms MarkObjects: 17.175500 ms  DeleteObjects: 0.026800 ms)

========================================================================
Received Prepare
Registering precompiled user dll's ...
Registered in 0.003949 seconds.
Begin MonoManager ReloadAssembly
Native extension for WindowsStandalone target not found
Refreshing native plugins compatible for Editor in 0.31 ms, found 1 plugins.
Preloading 0 native plugins for Editor in 0.00 ms.
Mono: successfully reloaded assembly
- Completed reload, in  1.023 seconds
Platform modules already initialized, skipping
Refreshing native plugins compatible for Editor in 0.40 ms, found 1 plugins.
Preloading 0 native plugins for Editor in 0.00 ms.
Unloading 1201 Unused Serialized files (Serialized files now loaded: 0)
System memory in use before: 68.7 MB.
System memory in use after: 68.8 MB.

Unloading 18 unused Assets to reduce memory usage. Loaded Objects now: 1892.
Total: 19.139300 ms (FindLiveObjects: 0.257300 ms CreateObjectMapping: 0.042200 ms MarkObjects: 18.811400 ms  DeleteObjects: 0.026900 ms)

========================================================================
Received Prepare
Registering precompiled user dll's ...
Registered in 0.003771 seconds.
Begin MonoManager ReloadAssembly
Native extension for WindowsStandalone target not found
Refreshing native plugins compatible for Editor in 0.30 ms, found 1 plugins.
Preloading 0 native plugins for Editor in 0.00 ms.
Mono: successfully reloaded assembly
- Completed reload, in  0.954 seconds
Platform modules already initialized, skipping
Refreshing native plugins compatible for Editor in 0.32 ms, found 1 plugins.
Preloading 0 native plugins for Editor in 0.00 ms.
Unloading 1201 Unused Serialized files (Serialized files now loaded: 0)
System memory in use before: 68.7 MB.
System memory in use after: 68.8 MB.

Unloading 18 unused Assets to reduce memory usage. Loaded Objects now: 1895.
Total: 15.807800 ms (FindLiveObjects: 0.181100 ms CreateObjectMapping: 0.029400 ms MarkObjects: 15.576100 ms  DeleteObjects: 0.020100 ms)

========================================================================
Received Prepare
Registering precompiled user dll's ...
Registered in 0.004044 seconds.
Begin MonoManager ReloadAssembly
Native extension for WindowsStandalone target not found
Refreshing native plugins compatible for Editor in 0.30 ms, found 1 plugins.
Preloading 0 native plugins for Editor in 0.00 ms.
Mono: successfully reloaded assembly
- Completed reload, in  0.942 seconds
Platform modules already initialized, skipping
Refreshing native plugins compatible for Editor in 0.29 ms, found 1 plugins.
Preloading 0 native plugins for Editor in 0.00 ms.
Unloading 1201 Unused Serialized files (Serialized files now loaded: 0)
System memory in use before: 68.7 MB.
System memory in use after: 68.8 MB.

Unloading 18 unused Assets to reduce memory usage. Loaded Objects now: 1898.
Total: 14.770300 ms (FindLiveObjects: 0.135600 ms CreateObjectMapping: 0.029700 ms MarkObjects: 14.586000 ms  DeleteObjects: 0.017200 ms)

========================================================================
Received Prepare
Registering precompiled user dll's ...
Registered in 0.003818 seconds.
Begin MonoManager ReloadAssembly
Native extension for WindowsStandalone target not found
Refreshing native plugins compatible for Editor in 0.30 ms, found 1 plugins.
Preloading 0 native plugins for Editor in 0.00 ms.
Mono: successfully reloaded assembly
- Completed reload, in  0.913 seconds
Platform modules already initialized, skipping
Refreshing native plugins compatible for Editor in 0.31 ms, found 1 plugins.
Preloading 0 native plugins for Editor in 0.00 ms.
Unloading 1201 Unused Serialized files (Serialized files now loaded: 0)
System memory in use before: 68.7 MB.
System memory in use after: 68.8 MB.

Unloading 18 unused Assets to reduce memory usage. Loaded Objects now: 1901.
Total: 14.795300 ms (FindLiveObjects: 0.142600 ms CreateObjectMapping: 0.029400 ms MarkObjects: 14.605000 ms  DeleteObjects: 0.017100 ms)

========================================================================
Received Import Request.
  Time since last request: 3780.610077 seconds.
  path: Assets/Inventory/Apprentice Inventory.asset
  artifactKey: Guid(52d0f5530838e5a4b8fc547baeb0947b) Importer(815301076,1909f56bfc062723c751e8b465ee728b)
Start importing Assets/Inventory/Apprentice Inventory.asset using Guid(52d0f5530838e5a4b8fc547baeb0947b) Importer(815301076,1909f56bfc062723c751e8b465ee728b)  -> (artifact id: '9cb627f219d01f7fb941887c801f30f8') in 0.016927 seconds
  Import took 0.019036 seconds .

========================================================================
Received Import Request.
  Time since last request: 0.000152 seconds.
  path: Assets/Inventory/Scout Inventory.asset
  artifactKey: Guid(26ee9bee9ea0c904f97d542abfc5f1d7) Importer(815301076,1909f56bfc062723c751e8b465ee728b)
Start importing Assets/Inventory/Scout Inventory.asset using Guid(26ee9bee9ea0c904f97d542abfc5f1d7) Importer(815301076,1909f56bfc062723c751e8b465ee728b)  -> (artifact id: 'e4f7e11f7f023c00c2b5701a523744b7') in 0.002405 seconds
  Import took 0.003855 seconds .

========================================================================
Received Import Request.
  Time since last request: 0.000145 seconds.
  path: Assets/Inventory/Soldier Inventory.asset
  artifactKey: Guid(79c00fb394ea29f449e0dc80287dfb60) Importer(815301076,1909f56bfc062723c751e8b465ee728b)
Start importing Assets/Inventory/Soldier Inventory.asset using Guid(79c00fb394ea29f449e0dc80287dfb60) Importer(815301076,1909f56bfc062723c751e8b465ee728b)  -> (artifact id: 'e86d2868d9dfd1ccc33aa7397a7b3407') in 0.002855 seconds
  Import took 0.004680 seconds .

========================================================================
Received Import Request.
  Time since last request: 0.957740 seconds.
  path: Assets/Inventory/Inventory.cs
  artifactKey: Guid(51590a70064f3be4f828862623ad4897) Importer(815301076,1909f56bfc062723c751e8b465ee728b)
Start importing Assets/Inventory/Inventory.cs using Guid(51590a70064f3be4f828862623ad4897) Importer(815301076,1909f56bfc062723c751e8b465ee728b)  -> (artifact id: 'df6a6d5c401365ed811b38d36107758a') in 0.008477 seconds
  Import took 0.010518 seconds .

========================================================================
Received Import Request.
  Time since last request: 0.001166 seconds.
  path: Assets/Inventory/Inventory.cs
  artifactKey: Guid(51590a70064f3be4f828862623ad4897) Importer(815301076,1909f56bfc062723c751e8b465ee728b)
Start importing Assets/Inventory/Inventory.cs using Guid(51590a70064f3be4f828862623ad4897) Importer(815301076,1909f56bfc062723c751e8b465ee728b)  -> (artifact id: 'df6a6d5c401365ed811b38d36107758a') in 0.001849 seconds
  Import took 0.003780 seconds .

========================================================================
Received Import Request.
  Time since last request: 0.527572 seconds.
  path: Assets/Inventory/InventoryItem.cs
  artifactKey: Guid(e74551a8846019c4384dfc3d95fd6756) Importer(815301076,1909f56bfc062723c751e8b465ee728b)
Start importing Assets/Inventory/InventoryItem.cs using Guid(e74551a8846019c4384dfc3d95fd6756) Importer(815301076,1909f56bfc062723c751e8b465ee728b)  -> (artifact id: 'a64d39942c1d935a203fe598880a5a04') in 0.001730 seconds
  Import took 0.003622 seconds .

========================================================================
Received Import Request.
  Time since last request: 0.000377 seconds.
  path: Assets/Inventory/InventoryItem.cs
  artifactKey: Guid(e74551a8846019c4384dfc3d95fd6756) Importer(815301076,1909f56bfc062723c751e8b465ee728b)
Start importing Assets/Inventory/InventoryItem.cs using Guid(e74551a8846019c4384dfc3d95fd6756) Importer(815301076,1909f56bfc062723c751e8b465ee728b)  -> (artifact id: 'a64d39942c1d935a203fe598880a5a04') in 0.001680 seconds
  Import took 0.003323 seconds .

========================================================================
Received Import Request.
  Time since last request: 2.013576 seconds.
  path: Assets/Inventory/InventoryUI.cs
  artifactKey: Guid(6dce2e30568416c4b9ae140705b221d2) Importer(815301076,1909f56bfc062723c751e8b465ee728b)
Start importing Assets/Inventory/InventoryUI.cs using Guid(6dce2e30568416c4b9ae140705b221d2) Importer(815301076,1909f56bfc062723c751e8b465ee728b)  -> (artifact id: '67773cd27b15da40bb5ab325f0e56a83') in 0.008870 seconds
  Import took 0.010878 seconds .

========================================================================
Received Import Request.
  Time since last request: 0.016051 seconds.
  path: Assets/Inventory/InventoryUI.cs
  artifactKey: Guid(6dce2e30568416c4b9ae140705b221d2) Importer(815301076,1909f56bfc062723c751e8b465ee728b)
Start importing Assets/Inventory/InventoryUI.cs using Guid(6dce2e30568416c4b9ae140705b221d2) Importer(815301076,1909f56bfc062723c751e8b465ee728b)  -> (artifact id: '67773cd27b15da40bb5ab325f0e56a83') in 0.001806 seconds
  Import took 0.003959 seconds .

========================================================================
Received Import Request.
  Time since last request: 0.337749 seconds.
  path: Assets/Inventory/UnitInventory.cs
  artifactKey: Guid(4da47c7f101d7214596032f866618a38) Importer(815301076,1909f56bfc062723c751e8b465ee728b)
Start importing Assets/Inventory/UnitInventory.cs using Guid(4da47c7f101d7214596032f866618a38) Importer(815301076,1909f56bfc062723c751e8b465ee728b)  -> (artifact id: 'a60d5d6a5172d20e6c3bd18cb9439f8d') in 0.007823 seconds
  Import took 0.009693 seconds .

========================================================================
Received Import Request.
  Time since last request: 0.659214 seconds.
  path: Assets/Inventory/InventorySlot.cs
  artifactKey: Guid(fbaa4b930eb9d0849b0b4b6908516587) Importer(815301076,1909f56bfc062723c751e8b465ee728b)
Start importing Assets/Inventory/InventorySlot.cs using Guid(fbaa4b930eb9d0849b0b4b6908516587) Importer(815301076,1909f56bfc062723c751e8b465ee728b)  -> (artifact id: '63344ec61c8176b1774702a0dc2cb7e3') in 0.007595 seconds
  Import took 0.009399 seconds .

========================================================================
Received Import Request.
  Time since last request: 956.189224 seconds.
  path: Assets/UnitConditionsSO.cs
  artifactKey: Guid(1413080651992eb4ab3994d3f58aab00) Importer(815301076,1909f56bfc062723c751e8b465ee728b)
Start importing Assets/UnitConditionsSO.cs using Guid(1413080651992eb4ab3994d3f58aab00) Importer(815301076,1909f56bfc062723c751e8b465ee728b)  -> (artifact id: '74b920c31f99041985ae3940d0e6829f') in 0.009027 seconds
  Import took 0.011095 seconds .

========================================================================
Received Import Request.
  Time since last request: 6.512014 seconds.
  path: Assets/Abilities/HammerOfDawn.cs
  artifactKey: Guid(5ee4bd4bb0d45d545bc9e1f256450db7) Importer(815301076,1909f56bfc062723c751e8b465ee728b)
Start importing Assets/Abilities/HammerOfDawn.cs using Guid(5ee4bd4bb0d45d545bc9e1f256450db7) Importer(815301076,1909f56bfc062723c751e8b465ee728b)  -> (artifact id: '54dda15adfeb3ed22dd8c5aa3c26a547') in 0.008686 seconds
  Import took 0.010818 seconds .

========================================================================
Received Import Request.
  Time since last request: 1055.827380 seconds.
  path: Assets/Units/Base Enemy Prefab.prefab
  artifactKey: Guid(46d87a24d6f25454b81efde41ccfbd4d) Importer(815301076,1909f56bfc062723c751e8b465ee728b)
Start importing Assets/Units/Base Enemy Prefab.prefab using Guid(46d87a24d6f25454b81efde41ccfbd4d) Importer(815301076,1909f56bfc062723c751e8b465ee728b)  -> (artifact id: '26d36081b85d0799572d9f048afc35b5') in 0.072592 seconds
  Import took 0.074934 seconds .

========================================================================
Received Prepare
Registering precompiled user dll's ...
Registered in 0.004174 seconds.
Begin MonoManager ReloadAssembly
Native extension for WindowsStandalone target not found
Refreshing native plugins compatible for Editor in 0.32 ms, found 1 plugins.
Preloading 0 native plugins for Editor in 0.00 ms.
Mono: successfully reloaded assembly
- Completed reload, in  0.995 seconds
Platform modules already initialized, skipping
Refreshing native plugins compatible for Editor in 0.34 ms, found 1 plugins.
Preloading 0 native plugins for Editor in 0.00 ms.
Unloading 1201 Unused Serialized files (Serialized files now loaded: 0)
System memory in use before: 68.7 MB.
System memory in use after: 68.8 MB.

Unloading 18 unused Assets to reduce memory usage. Loaded Objects now: 1904.
Total: 18.606400 ms (FindLiveObjects: 0.544300 ms CreateObjectMapping: 0.080200 ms MarkObjects: 17.951700 ms  DeleteObjects: 0.028900 ms)

AssetImportWorkerClient::OnTransportError - code=2 error=End of file
